#
# There is insufficient memory for the Java Runtime Environment to continue.
# Native memory allocation (malloc) failed to allocate 680736 bytes for Chunk::new
# Possible reasons:
#   The system is out of physical RAM or swap space
#   The process is running with CompressedOops enabled, and the Java Heap may be blocking the growth of the native heap
# Possible solutions:
#   Reduce memory load on the system
#   Increase physical memory or swap space
#   Check if swap backing store is full
#   Decrease Java heap size (-Xmx/-Xms)
#   Decrease number of Java threads
#   Decrease Java thread stack sizes (-Xss)
#   Set larger code cache with -XX:ReservedCodeCacheSize=
#   JVM is running with Unscaled Compressed Oops mode in which the Java heap is
#     placed in the first 4GB address space. The Java Heap base address is the
#     maximum limit for the native heap growth. Please use -XX:HeapBaseMinAddress
#     to set the Java Heap base and to place the Java Heap above 4GB virtual address.
# This output file may be truncated or incomplete.
#
#  Out of Memory Error (allocation.cpp:389), pid=14952, tid=0x0000000000002160
#
# JRE version: Java(TM) SE Runtime Environment (8.0_231-b11) (build 1.8.0_231-b11)
# Java VM: Java HotSpot(TM) 64-Bit Server VM (25.231-b11 mixed mode windows-amd64 compressed oops)
# Failed to write core dump. Minidumps are not enabled by default on client versions of Windows
#

---------------  T H R E A D  ---------------

Current thread (0x0000000019f25800):  JavaThread "C2 CompilerThread0" daemon [_thread_in_native, id=8544, stack(0x000000001b420000,0x000000001b520000)]

Stack: [0x000000001b420000,0x000000001b520000]
[error occurred during error reporting (printing stack bounds), id 0xc0000005]

Native frames: (J=compiled Java code, j=interpreted, Vv=VM code, C=native code)


Current CompileTask:
C2:   3993 3722       4       org.codehaus.plexus.configuration.xml.XmlPlexusConfiguration::<init> (93 bytes)


---------------  P R O C E S S  ---------------

Java Threads: ( => current thread )
  0x000000001eda9800 JavaThread "Thread-5" [_thread_in_native, id=6684, stack(0x0000000020830000,0x0000000020930000)]
  0x000000001f439800 JavaThread "Thread-4" [_thread_in_native, id=14384, stack(0x0000000020730000,0x0000000020830000)]
  0x000000001f438800 JavaThread "Thread-3" [_thread_blocked, id=15952, stack(0x0000000020630000,0x0000000020730000)]
  0x000000001d8fc800 JavaThread "ThreadedStreamConsumer" daemon [_thread_blocked, id=328, stack(0x0000000020530000,0x0000000020630000)]
  0x000000001eda5000 JavaThread "ping-timer-10s" daemon [_thread_blocked, id=15960, stack(0x0000000020430000,0x0000000020530000)]
  0x000000001edab800 JavaThread "timeout-check-timer" daemon [_thread_blocked, id=17828, stack(0x0000000020230000,0x0000000020330000)]
  0x000000001e73f800 JavaThread "resolver-5" daemon [_thread_blocked, id=2908, stack(0x0000000020130000,0x0000000020230000)]
  0x000000001e73e800 JavaThread "resolver-4" daemon [_thread_blocked, id=13200, stack(0x0000000020030000,0x0000000020130000)]
  0x000000001d946800 JavaThread "resolver-3" daemon [_thread_blocked, id=10640, stack(0x000000001ff30000,0x0000000020030000)]
  0x000000001cc75800 JavaThread "resolver-2" daemon [_thread_blocked, id=6900, stack(0x000000001fb60000,0x000000001fc60000)]
  0x000000001cc75000 JavaThread "resolver-1" daemon [_thread_blocked, id=14944, stack(0x000000001fa60000,0x000000001fb60000)]
  0x0000000019f41800 JavaThread "Service Thread" daemon [_thread_blocked, id=8816, stack(0x000000001b820000,0x000000001b920000)]
  0x0000000019f34000 JavaThread "C1 CompilerThread3" daemon [_thread_blocked, id=6932, stack(0x000000001b720000,0x000000001b820000)]
  0x0000000019f32800 JavaThread "C2 CompilerThread2" daemon [_thread_in_native, id=8852, stack(0x000000001b620000,0x000000001b720000)]
  0x0000000019f2a000 JavaThread "C2 CompilerThread1" daemon [_thread_blocked, id=9352, stack(0x000000001b520000,0x000000001b620000)]
=>0x0000000019f25800 JavaThread "C2 CompilerThread0" daemon [_thread_in_native, id=8544, stack(0x000000001b420000,0x000000001b520000)]
  0x0000000019ecc800 JavaThread "Attach Listener" daemon [_thread_blocked, id=5488, stack(0x000000001b320000,0x000000001b420000)]
  0x0000000019eca800 JavaThread "Signal Dispatcher" daemon [_thread_blocked, id=712, stack(0x000000001b220000,0x000000001b320000)]
  0x00000000036cc000 JavaThread "Finalizer" daemon [_thread_blocked, id=9916, stack(0x000000001b120000,0x000000001b220000)]
  0x0000000019eb3000 JavaThread "Reference Handler" daemon [_thread_blocked, id=13720, stack(0x000000001b020000,0x000000001b120000)]
  0x00000000034ce000 JavaThread "main" [_thread_in_native, id=11504, stack(0x00000000034d0000,0x00000000035d0000)]

Other Threads:
  0x00000000187c6000 VMThread [stack: 0x000000001af20000,0x000000001b020000] [id=15252]
  0x0000000019ff0000 WatcherThread [stack: 0x000000001b920000,0x000000001ba20000] [id=13456]

VM state:not at safepoint (normal execution)

VM Mutex/Monitor currently owned by a thread: None

heap address: 0x0000000082600000, size: 2010 MB, Compressed Oops mode: 32-bit
Narrow klass base: 0x0000000000000000, Narrow klass shift: 3
Compressed class space size: 1073741824 Address: 0x0000000100000000

Heap:
 PSYoungGen      total 141824K, used 50788K [0x00000000d6200000, 0x00000000df900000, 0x0000000100000000)
  eden space 130560K, 31% used [0x00000000d6200000,0x00000000d8a1e6c0,0x00000000de180000)
  from space 11264K, 86% used [0x00000000ded00000,0x00000000df67a9f8,0x00000000df800000)
  to   space 11776K, 0% used [0x00000000de180000,0x00000000de180000,0x00000000ded00000)
 ParOldGen       total 86016K, used 14635K [0x0000000082600000, 0x0000000087a00000, 0x00000000d6200000)
  object space 86016K, 17% used [0x0000000082600000,0x000000008344ad48,0x0000000087a00000)
 Metaspace       used 19822K, capacity 20372K, committed 20608K, reserved 1067008K
  class space    used 2227K, capacity 2392K, committed 2432K, reserved 1048576K

Card table byte_map: [0x0000000012a90000,0x0000000012e80000] byte_map_base: 0x000000001267d000

Marking Bits: (ParMarkBitMap*) 0x0000000073646d90
 Begin Bits: [0x0000000013b20000, 0x0000000015a88000)
 End Bits:   [0x0000000015a88000, 0x00000000179f0000)

Polling page: 0x00000000017f0000

CodeCache: size=245760Kb used=14191Kb max_used=14201Kb free=231568Kb
 bounds [0x00000000036d0000, 0x00000000044c0000, 0x00000000126d0000]
 total_blobs=4297 nmethods=3887 adapters=321
 compilation: enabled

Compilation events (10 events):
Event: 3.645 Thread 0x0000000019f2a000 3886       4       java.util.zip.Deflater::ensureOpen (47 bytes)
Event: 3.645 Thread 0x0000000019f2a000 nmethod 3886 0x00000000044b41d0 code [0x00000000044b4300, 0x00000000044b4398]
Event: 3.646 Thread 0x0000000019f2a000 3885   !   4       java.util.zip.Deflater::deflate (140 bytes)
Event: 3.648 Thread 0x0000000019f2a000 nmethod 3885 0x00000000044bb490 code [0x00000000044bb5e0, 0x00000000044bbb48]
Event: 3.892 Thread 0x0000000019f2a000 3898       4       java.io.Writer::write (11 bytes)
Event: 3.894 Thread 0x0000000019f34000 3899       3       java.util.Calendar::internalGet (7 bytes)
Event: 3.894 Thread 0x0000000019f34000 nmethod 3899 0x00000000044bb0d0 code [0x00000000044bb220, 0x00000000044bb390]
Event: 3.899 Thread 0x0000000019f2a000 

Event: 3.901 Thread 0x0000000019f34000 3900       3       org.slf4j.impl.SimpleLogger::isDebugEnabled (7 bytes)
Event: 3.901 Thread 0x0000000019f34000 nmethod 3900 0x00000000044b5510 code [0x00000000044b5680, 0x00000000044b5910]

GC Heap History (10 events):
Event: 1.180 GC heap before
{Heap before GC invocations=2 (full 0):
 PSYoungGen      total 37888K, used 37884K [0x00000000d6200000, 0x00000000d8c00000, 0x0000000100000000)
  eden space 32768K, 100% used [0x00000000d6200000,0x00000000d8200000,0x00000000d8200000)
  from space 5120K, 99% used [0x00000000d8200000,0x00000000d86ff1f0,0x00000000d8700000)
  to   space 5120K, 0% used [0x00000000d8700000,0x00000000d8700000,0x00000000d8c00000)
 ParOldGen       total 86016K, used 641K [0x0000000082600000, 0x0000000087a00000, 0x00000000d6200000)
  object space 86016K, 0% used [0x0000000082600000,0x00000000826a0758,0x0000000087a00000)
 Metaspace       used 12330K, capacity 12558K, committed 12672K, reserved 1060864K
  class space    used 1518K, capacity 1608K, committed 1664K, reserved 1048576K
Event: 1.185 GC heap after
Heap after GC invocations=2 (full 0):
 PSYoungGen      total 37888K, used 5096K [0x00000000d6200000, 0x00000000dac00000, 0x0000000100000000)
  eden space 32768K, 0% used [0x00000000d6200000,0x00000000d6200000,0x00000000d8200000)
  from space 5120K, 99% used [0x00000000d8700000,0x00000000d8bfa010,0x00000000d8c00000)
  to   space 5120K, 0% used [0x00000000d8200000,0x00000000d8200000,0x00000000d8700000)
 ParOldGen       total 86016K, used 3040K [0x0000000082600000, 0x0000000087a00000, 0x00000000d6200000)
  object space 86016K, 3% used [0x0000000082600000,0x00000000828f8158,0x0000000087a00000)
 Metaspace       used 12330K, capacity 12558K, committed 12672K, reserved 1060864K
  class space    used 1518K, capacity 1608K, committed 1664K, reserved 1048576K
}
Event: 1.652 GC heap before
{Heap before GC invocations=3 (full 0):
 PSYoungGen      total 37888K, used 37864K [0x00000000d6200000, 0x00000000dac00000, 0x0000000100000000)
  eden space 32768K, 100% used [0x00000000d6200000,0x00000000d8200000,0x00000000d8200000)
  from space 5120K, 99% used [0x00000000d8700000,0x00000000d8bfa010,0x00000000d8c00000)
  to   space 5120K, 0% used [0x00000000d8200000,0x00000000d8200000,0x00000000d8700000)
 ParOldGen       total 86016K, used 3040K [0x0000000082600000, 0x0000000087a00000, 0x00000000d6200000)
  object space 86016K, 3% used [0x0000000082600000,0x00000000828f8158,0x0000000087a00000)
 Metaspace       used 15390K, capacity 15666K, committed 15872K, reserved 1062912K
  class space    used 1861K, capacity 1946K, committed 2048K, reserved 1048576K
Event: 1.662 GC heap after
Heap after GC invocations=3 (full 0):
 PSYoungGen      total 37888K, used 5112K [0x00000000d6200000, 0x00000000dac00000, 0x0000000100000000)
  eden space 32768K, 0% used [0x00000000d6200000,0x00000000d6200000,0x00000000d8200000)
  from space 5120K, 99% used [0x00000000d8200000,0x00000000d86fe050,0x00000000d8700000)
  to   space 5120K, 0% used [0x00000000da700000,0x00000000da700000,0x00000000dac00000)
 ParOldGen       total 86016K, used 6477K [0x0000000082600000, 0x0000000087a00000, 0x00000000d6200000)
  object space 86016K, 7% used [0x0000000082600000,0x0000000082c534e8,0x0000000087a00000)
 Metaspace       used 15390K, capacity 15666K, committed 15872K, reserved 1062912K
  class space    used 1861K, capacity 1946K, committed 2048K, reserved 1048576K
}
Event: 2.025 GC heap before
{Heap before GC invocations=4 (full 0):
 PSYoungGen      total 37888K, used 37880K [0x00000000d6200000, 0x00000000dac00000, 0x0000000100000000)
  eden space 32768K, 100% used [0x00000000d6200000,0x00000000d8200000,0x00000000d8200000)
  from space 5120K, 99% used [0x00000000d8200000,0x00000000d86fe050,0x00000000d8700000)
  to   space 5120K, 0% used [0x00000000da700000,0x00000000da700000,0x00000000dac00000)
 ParOldGen       total 86016K, used 6477K [0x0000000082600000, 0x0000000087a00000, 0x00000000d6200000)
  object space 86016K, 7% used [0x0000000082600000,0x0000000082c534e8,0x0000000087a00000)
 Metaspace       used 16005K, capacity 16304K, committed 16640K, reserved 1064960K
  class space    used 1898K, capacity 1983K, committed 2048K, reserved 1048576K
Event: 2.035 GC heap after
Heap after GC invocations=4 (full 0):
 PSYoungGen      total 70656K, used 5112K [0x00000000d6200000, 0x00000000dac00000, 0x0000000100000000)
  eden space 65536K, 0% used [0x00000000d6200000,0x00000000d6200000,0x00000000da200000)
  from space 5120K, 99% used [0x00000000da700000,0x00000000dabfe030,0x00000000dac00000)
  to   space 5120K, 0% used [0x00000000da200000,0x00000000da200000,0x00000000da700000)
 ParOldGen       total 86016K, used 9420K [0x0000000082600000, 0x0000000087a00000, 0x00000000d6200000)
  object space 86016K, 10% used [0x0000000082600000,0x0000000082f330e8,0x0000000087a00000)
 Metaspace       used 16005K, capacity 16304K, committed 16640K, reserved 1064960K
  class space    used 1898K, capacity 1983K, committed 2048K, reserved 1048576K
}
Event: 2.692 GC heap before
{Heap before GC invocations=5 (full 0):
 PSYoungGen      total 70656K, used 70648K [0x00000000d6200000, 0x00000000dac00000, 0x0000000100000000)
  eden space 65536K, 100% used [0x00000000d6200000,0x00000000da200000,0x00000000da200000)
  from space 5120K, 99% used [0x00000000da700000,0x00000000dabfe030,0x00000000dac00000)
  to   space 5120K, 0% used [0x00000000da200000,0x00000000da200000,0x00000000da700000)
 ParOldGen       total 86016K, used 9420K [0x0000000082600000, 0x0000000087a00000, 0x00000000d6200000)
  object space 86016K, 10% used [0x0000000082600000,0x0000000082f330e8,0x0000000087a00000)
 Metaspace       used 16662K, capacity 17068K, committed 17408K, reserved 1064960K
  class space    used 1919K, capacity 2019K, committed 2048K, reserved 1048576K
Event: 2.702 GC heap after
Heap after GC invocations=5 (full 0):
 PSYoungGen      total 70656K, used 5096K [0x00000000d6200000, 0x00000000df800000, 0x0000000100000000)
  eden space 65536K, 0% used [0x00000000d6200000,0x00000000d6200000,0x00000000da200000)
  from space 5120K, 99% used [0x00000000da200000,0x00000000da6fa020,0x00000000da700000)
  to   space 11264K, 0% used [0x00000000ded00000,0x00000000ded00000,0x00000000df800000)
 ParOldGen       total 86016K, used 14627K [0x0000000082600000, 0x0000000087a00000, 0x00000000d6200000)
  object space 86016K, 17% used [0x0000000082600000,0x0000000083448d48,0x0000000087a00000)
 Metaspace       used 16662K, capacity 17068K, committed 17408K, reserved 1064960K
  class space    used 1919K, capacity 2019K, committed 2048K, reserved 1048576K
}
Event: 3.417 GC heap before
{Heap before GC invocations=6 (full 0):
 PSYoungGen      total 70656K, used 70632K [0x00000000d6200000, 0x00000000df800000, 0x0000000100000000)
  eden space 65536K, 100% used [0x00000000d6200000,0x00000000da200000,0x00000000da200000)
  from space 5120K, 99% used [0x00000000da200000,0x00000000da6fa020,0x00000000da700000)
  to   space 11264K, 0% used [0x00000000ded00000,0x00000000ded00000,0x00000000df800000)
 ParOldGen       total 86016K, used 14627K [0x0000000082600000, 0x0000000087a00000, 0x00000000d6200000)
  object space 86016K, 17% used [0x0000000082600000,0x0000000083448d48,0x0000000087a00000)
 Metaspace       used 18689K, capacity 19284K, committed 19456K, reserved 1067008K
  class space    used 2105K, capacity 2264K, committed 2304K, reserved 1048576K
Event: 3.431 GC heap after
Heap after GC invocations=6 (full 0):
 PSYoungGen      total 141824K, used 9706K [0x00000000d6200000, 0x00000000df900000, 0x0000000100000000)
  eden space 130560K, 0% used [0x00000000d6200000,0x00000000d6200000,0x00000000de180000)
  from space 11264K, 86% used [0x00000000ded00000,0x00000000df67a9f8,0x00000000df800000)
  to   space 11776K, 0% used [0x00000000de180000,0x00000000de180000,0x00000000ded00000)
 ParOldGen       total 86016K, used 14635K [0x0000000082600000, 0x0000000087a00000, 0x00000000d6200000)
  object space 86016K, 17% used [0x0000000082600000,0x000000008344ad48,0x0000000087a00000)
 Metaspace       used 18689K, capacity 19284K, committed 19456K, reserved 1067008K
  class space    used 2105K, capacity 2264K, committed 2304K, reserved 1048576K
}

Deoptimization events (10 events):
Event: 3.636 Thread 0x00000000034ce000 Uncommon trap: reason=class_check action=maybe_recompile pc=0x0000000003e65980 method=java.util.Collections$UnmodifiableMap$UnmodifiableEntrySet$UnmodifiableEntry.getValue()Ljava/lang/Object; @ 4
Event: 3.636 Thread 0x00000000034ce000 Uncommon trap: reason=class_check action=maybe_recompile pc=0x0000000003e500cc method=java.util.Collections$UnmodifiableMap$UnmodifiableEntrySet$1.hasNext()Z @ 4
Event: 3.636 Thread 0x00000000034ce000 Uncommon trap: reason=class_check action=maybe_recompile pc=0x0000000003e6396c method=java.util.Collections$UnmodifiableMap$UnmodifiableEntrySet$1.next()Ljava/util/Map$Entry; @ 8
Event: 3.636 Thread 0x00000000034ce000 Uncommon trap: reason=class_check action=maybe_recompile pc=0x0000000003e50840 method=java.util.Collections$UnmodifiableMap$UnmodifiableEntrySet$UnmodifiableEntry.getKey()Ljava/lang/Object; @ 4
Event: 3.636 Thread 0x00000000034ce000 Uncommon trap: reason=class_check action=maybe_recompile pc=0x0000000003e65980 method=java.util.Collections$UnmodifiableMap$UnmodifiableEntrySet$UnmodifiableEntry.getValue()Ljava/lang/Object; @ 4
Event: 3.636 Thread 0x00000000034ce000 Uncommon trap: reason=class_check action=maybe_recompile pc=0x0000000003e500cc method=java.util.Collections$UnmodifiableMap$UnmodifiableEntrySet$1.hasNext()Z @ 4
Event: 3.636 Thread 0x00000000034ce000 Uncommon trap: reason=class_check action=maybe_recompile pc=0x0000000003e6396c method=java.util.Collections$UnmodifiableMap$UnmodifiableEntrySet$1.next()Ljava/util/Map$Entry; @ 8
Event: 3.636 Thread 0x00000000034ce000 Uncommon trap: reason=class_check action=maybe_recompile pc=0x0000000003e50840 method=java.util.Collections$UnmodifiableMap$UnmodifiableEntrySet$UnmodifiableEntry.getKey()Ljava/lang/Object; @ 4
Event: 3.636 Thread 0x00000000034ce000 Uncommon trap: reason=class_check action=maybe_recompile pc=0x0000000003e65980 method=java.util.Collections$UnmodifiableMap$UnmodifiableEntrySet$UnmodifiableEntry.getValue()Ljava/lang/Object; @ 4
Event: 3.890 Thread 0x000000001d8fc800 Uncommon trap: reason=unstable_if action=reinterpret pc=0x000000000429d120 method=java.util.Formatter$Conversion.isValid(C)Z @ 4

Classes redefined (0 events):
No events

Internal exceptions (10 events):
Event: 1.410 Thread 0x00000000034ce000 Exception <a 'java/lang/NullPointerException'> (0x00000000d70f7340) thrown at [C:\re\workspace\8-2-build-windows-amd64-cygwin\jdk8u231\13620\hotspot\src\share\vm\interpreter\linkResolver.cpp, line 1185]
Event: 1.410 Thread 0x00000000034ce000 Exception <a 'java/lang/NullPointerException'> (0x00000000d70f7558) thrown at [C:\re\workspace\8-2-build-windows-amd64-cygwin\jdk8u231\13620\hotspot\src\share\vm\interpreter\linkResolver.cpp, line 1185]
Event: 1.410 Thread 0x00000000034ce000 Exception <a 'java/lang/NullPointerException'> (0x00000000d70f7770) thrown at [C:\re\workspace\8-2-build-windows-amd64-cygwin\jdk8u231\13620\hotspot\src\share\vm\interpreter\linkResolver.cpp, line 1185]
Event: 1.440 Thread 0x00000000034ce000 Implicit null exception at 0x0000000003a65c16 to 0x0000000003a65fb1
Event: 1.440 Thread 0x00000000034ce000 Implicit null exception at 0x00000000038e7116 to 0x00000000038e74ad
Event: 1.566 Thread 0x00000000034ce000 Implicit null exception at 0x0000000003cefe4b to 0x0000000003cf10d9
Event: 1.737 Thread 0x00000000034ce000 Implicit null exception at 0x0000000003dd5077 to 0x0000000003dd52c1
Event: 2.207 Thread 0x00000000034ce000 Implicit null exception at 0x00000000040129a0 to 0x0000000004012f1d
Event: 2.895 Thread 0x00000000034ce000 Implicit null exception at 0x00000000040a217d to 0x00000000040a25a5
Event: 3.436 Thread 0x00000000034ce000 Exception <a 'java/lang/NoSuchMethodError': org.apache.maven.execution.MavenExecutionRequest.getFailureBehavior()Ljava/lang/String;> (0x00000000d62daeb0) thrown at [C:\re\workspace\8-2-build-windows-amd64-cygwin\jdk8u231\13620\hotspot\src\share\vm\interpr

Events (10 events):
Event: 3.890 loading class org/apache/maven/plugin/surefire/booterclient/output/InPluginProcessDumpSingleton done
Event: 3.890 loading class org/apache/maven/plugin/surefire/booterclient/output/InPluginProcessDumpSingleton
Event: 3.890 loading class org/apache/maven/plugin/surefire/booterclient/output/InPluginProcessDumpSingleton done
Event: 3.890 Thread 0x000000001d8fc800 Uncommon trap: trap_request=0xffffff65 fr.pc=0x000000000429d120
Event: 3.890 Thread 0x000000001d8fc800 DEOPT PACKING pc=0x000000000429d120 sp=0x000000002062eec0
Event: 3.890 Thread 0x000000001d8fc800 DEOPT UNPACKING pc=0x000000000371583b sp=0x000000002062edf8 mode 2
Event: 3.891 loading class java/lang/Throwable$WrappedPrintWriter
Event: 3.891 loading class java/lang/Throwable$PrintStreamOrWriter
Event: 3.891 loading class java/lang/Throwable$PrintStreamOrWriter done
Event: 3.891 loading class java/lang/Throwable$WrappedPrintWriter done


Dynamic libraries:
0x00007ff67fbc0000 - 0x00007ff67fbf7000 	D:\jdk8\bin\java.exe
0x00007ffd8dbb0000 - 0x00007ffd8dda5000 	C:\WINDOWS\SYSTEM32\ntdll.dll
0x00007ffd8cb80000 - 0x00007ffd8cc3d000 	C:\WINDOWS\System32\KERNEL32.DLL
0x00007ffd8b7b0000 - 0x00007ffd8ba77000 	C:\WINDOWS\System32\KERNELBASE.dll
0x00007ffd8da10000 - 0x00007ffd8daba000 	C:\WINDOWS\System32\ADVAPI32.dll
0x00007ffd8c0d0000 - 0x00007ffd8c16e000 	C:\WINDOWS\System32\msvcrt.dll
0x00007ffd8bc20000 - 0x00007ffd8bcbb000 	C:\WINDOWS\System32\sechost.dll
0x00007ffd8c170000 - 0x00007ffd8c293000 	C:\WINDOWS\System32\RPCRT4.dll
0x00007ffd8d400000 - 0x00007ffd8d5a0000 	C:\WINDOWS\System32\USER32.dll
0x00007ffd8b380000 - 0x00007ffd8b3a2000 	C:\WINDOWS\System32\win32u.dll
0x00007ffd8c840000 - 0x00007ffd8c86a000 	C:\WINDOWS\System32\GDI32.dll
0x00007ffd8b540000 - 0x00007ffd8b64a000 	C:\WINDOWS\System32\gdi32full.dll
0x00007ffd8bb30000 - 0x00007ffd8bbcd000 	C:\WINDOWS\System32\msvcp_win.dll
0x00007ffd8b650000 - 0x00007ffd8b750000 	C:\WINDOWS\System32\ucrtbase.dll
0x00007ffd74d70000 - 0x00007ffd7500a000 	C:\WINDOWS\WinSxS\amd64_microsoft.windows.common-controls_6595b64144ccf1df_6.0.19041.1_none_b555e41d4684ddec\COMCTL32.dll
0x00007ffd8bcc0000 - 0x00007ffd8bcf0000 	C:\WINDOWS\System32\IMM32.DLL
0x00000000736d0000 - 0x00000000737a2000 	D:\jdk8\jre\bin\msvcr100.dll
0x0000000072e20000 - 0x00000000736c6000 	D:\jdk8\jre\bin\server\jvm.dll
0x00007ffd8c830000 - 0x00007ffd8c838000 	C:\WINDOWS\System32\PSAPI.DLL
0x00007ffd87020000 - 0x00007ffd87029000 	C:\WINDOWS\SYSTEM32\WSOCK32.dll
0x00007ffd7ba50000 - 0x00007ffd7ba77000 	C:\WINDOWS\SYSTEM32\WINMM.dll
0x00007ffd80ee0000 - 0x00007ffd80eea000 	C:\WINDOWS\SYSTEM32\VERSION.dll
0x00007ffd8cb10000 - 0x00007ffd8cb7b000 	C:\WINDOWS\System32\WS2_32.dll
0x00007ffd85c60000 - 0x00007ffd85c6f000 	D:\jdk8\jre\bin\verify.dll
0x00007ffd85c30000 - 0x00007ffd85c59000 	D:\jdk8\jre\bin\java.dll
0x00007ffd859d0000 - 0x00007ffd859e6000 	D:\jdk8\jre\bin\zip.dll
0x00007ffd8ccc0000 - 0x00007ffd8d400000 	C:\WINDOWS\System32\SHELL32.dll
0x00007ffd89480000 - 0x00007ffd89c11000 	C:\WINDOWS\SYSTEM32\windows.storage.dll
0x00007ffd8c300000 - 0x00007ffd8c653000 	C:\WINDOWS\System32\combase.dll
0x00007ffd8acb0000 - 0x00007ffd8acdc000 	C:\WINDOWS\SYSTEM32\Wldp.dll
0x00007ffd8dac0000 - 0x00007ffd8db6e000 	C:\WINDOWS\System32\SHCORE.dll
0x00007ffd8c870000 - 0x00007ffd8c8c5000 	C:\WINDOWS\System32\shlwapi.dll
0x00007ffd8b240000 - 0x00007ffd8b25f000 	C:\WINDOWS\SYSTEM32\profapi.dll
0x00007ffd8ac10000 - 0x00007ffd8ac28000 	C:\WINDOWS\SYSTEM32\CRYPTSP.dll
0x00007ffd8a3c0000 - 0x00007ffd8a3f4000 	C:\WINDOWS\system32\rsaenh.dll
0x00007ffd8b3b0000 - 0x00007ffd8b3d7000 	C:\WINDOWS\System32\bcrypt.dll
0x00007ffd8b1c0000 - 0x00007ffd8b1ee000 	C:\WINDOWS\SYSTEM32\USERENV.dll
0x00007ffd8b300000 - 0x00007ffd8b37f000 	C:\WINDOWS\System32\bcryptprimitives.dll
0x00007ffd8ac00000 - 0x00007ffd8ac0c000 	C:\WINDOWS\SYSTEM32\CRYPTBASE.dll
0x00007ffd859b0000 - 0x00007ffd859ca000 	D:\jdk8\jre\bin\net.dll
0x00007ffd8aa30000 - 0x00007ffd8aa9a000 	C:\WINDOWS\system32\mswsock.dll
0x00007ffd8a720000 - 0x00007ffd8a75b000 	C:\WINDOWS\SYSTEM32\IPHLPAPI.DLL
0x00007ffd8bf30000 - 0x00007ffd8bf39000 	C:\WINDOWS\System32\NSI.dll
0x00007ffd85090000 - 0x00007ffd850a7000 	C:\WINDOWS\SYSTEM32\dhcpcsvc6.DLL
0x00007ffd85060000 - 0x00007ffd8507d000 	C:\WINDOWS\SYSTEM32\dhcpcsvc.DLL
0x00007ffd8a760000 - 0x00007ffd8a82a000 	C:\WINDOWS\SYSTEM32\DNSAPI.dll
0x00007ffd85770000 - 0x00007ffd85782000 	D:\jdk8\jre\bin\nio.dll
0x00007ffd85760000 - 0x00007ffd8576a000 	C:\Users\guzx\AppData\Local\Temp\jansi-1.17.1-1200753109133925284.dll
0x00007ffd85750000 - 0x00007ffd8575a000 	C:\Users\guzx\AppData\Local\Temp\jansi-1.17.1-6143144011711811024.dll
0x00007ffd85740000 - 0x00007ffd8574d000 	D:\jdk8\jre\bin\management.dll
0x00007ffd794c0000 - 0x00007ffd794d7000 	C:\WINDOWS\system32\napinsp.dll
0x00007ffd74b30000 - 0x00007ffd74b4b000 	C:\WINDOWS\system32\pnrpnsp.dll
0x00007ffd73590000 - 0x00007ffd735a5000 	C:\WINDOWS\system32\wshbth.dll
0x00007ffd857f0000 - 0x00007ffd8580d000 	C:\WINDOWS\system32\NLAapi.dll
0x00007ffd74b10000 - 0x00007ffd74b22000 	C:\WINDOWS\System32\winrnr.dll
0x00007ffd82ca0000 - 0x00007ffd82caa000 	C:\Windows\System32\rasadhlp.dll
0x00007ffd825b0000 - 0x00007ffd8262f000 	C:\WINDOWS\System32\fwpuclnt.dll

VM Arguments:
jvm_args: -Dmaven.multiModuleProjectDirectory=E:\IDEA Projects\pri_diary -Dmaven.home=D:\apache-maven-3.6.3-bin\apache-maven-3.6.3 -Dclassworlds.conf=D:\apache-maven-3.6.3-bin\apache-maven-3.6.3\bin\m2.conf -Dmaven.ext.class.path=D:\IntelliJ IDEA 2020.1.1\plugins\maven\lib\maven-event-listener.jar -Dfile.encoding=UTF-8 
java_command: org.codehaus.classworlds.Launcher -Didea.version2020.1.1 -s D:\apache-maven-3.6.3-bin\apache-maven-3.6.3\conf\settings.xml -Dmaven.repo.local=E:\Maven Repository install
java_class_path (initial): D:\apache-maven-3.6.3-bin\apache-maven-3.6.3\boot\plexus-classworlds-2.6.0.jar;D:\apache-maven-3.6.3-bin\apache-maven-3.6.3\boot\plexus-classworlds.license
Launcher Type: SUN_STANDARD

Environment Variables:
JAVA_HOME=D:\jdk8
CLASSPATH=.;D:\jdk8\lib\dt.jar;D:\jdk8\lib\tools.jar;   
PATH=C:\Python27\;C:\Python27\Scripts;C:\WINDOWS\system32;C:\WINDOWS;C:\WINDOWS\System32\Wbem;C:\WINDOWS\System32\WindowsPowerShell\v1.0\;C:\WINDOWS\System32\OpenSSH\;D:\jdk8\bin;D:\jdk8\jre\bin;C:\Program Files\nodejs\;C:\ProgramData\chocolatey\bin;C:\Users\guzx\AppData\Local\Microsoft\WindowsApps;C:\Users\guzx\AppData\Roaming\npm
USERNAME=guzx
OS=Windows_NT
PROCESSOR_IDENTIFIER=Intel64 Family 6 Model 158 Stepping 10, GenuineIntel



---------------  S Y S T E M  ---------------

OS: Windows 10.0 , 64 bit Build 19041 (10.0.19041.292)

CPU:total 12 (initial active 12) (6 cores per cpu, 2 threads per core) family 6 model 158 stepping 10, cmov, cx8, fxsr, mmx, sse, sse2, sse3, ssse3, sse4.1, sse4.2, popcnt, avx, avx2, aes, clmul, erms, 3dnowpref, lzcnt, ht, tsc, tscinvbit, bmi1, bmi2, adx

Memory: 4k page, physical 8231820k(632160k free), swap 14697864k(5516k free)

vm_info: Java HotSpot(TM) 64-Bit Server VM (25.231-b11) for windows-amd64 JRE (1.8.0_231-b11), built on Oct  5 2019 03:11:30 by "java_re" with MS VC++ 10.0 (VS2010)

time: Tue Sep 08 00:06:45 2020
timezone: 中国标准时间
elapsed time: 4 seconds (0d 0h 0m 4s)

