#
# There is insufficient memory for the Java Runtime Environment to continue.
# Native memory allocation (malloc) failed to allocate 32744 bytes for ChunkPool::allocate
# Possible reasons:
#   The system is out of physical RAM or swap space
#   The process is running with CompressedOops enabled, and the Java Heap may be blocking the growth of the native heap
# Possible solutions:
#   Reduce memory load on the system
#   Increase physical memory or swap space
#   Check if swap backing store is full
#   Decrease Java heap size (-Xmx/-Xms)
#   Decrease number of Java threads
#   Decrease Java thread stack sizes (-Xss)
#   Set larger code cache with -XX:ReservedCodeCacheSize=
#   JVM is running with Unscaled Compressed Oops mode in which the Java heap is
#     placed in the first 4GB address space. The Java Heap base address is the
#     maximum limit for the native heap growth. Please use -XX:HeapBaseMinAddress
#     to set the Java Heap base and to place the Java Heap above 4GB virtual address.
# This output file may be truncated or incomplete.
#
#  Out of Memory Error (allocation.cpp:272), pid=5468, tid=0x0000000000004170
#
# JRE version: Java(TM) SE Runtime Environment (8.0_231-b11) (build 1.8.0_231-b11)
# Java VM: Java HotSpot(TM) 64-Bit Server VM (25.231-b11 mixed mode windows-amd64 compressed oops)
# Failed to write core dump. Minidumps are not enabled by default on client versions of Windows
#

---------------  T H R E A D  ---------------

Current thread (0x0000000019522800):  JavaThread "C1 CompilerThread3" daemon [_thread_in_native, id=16752, stack(0x000000001ad10000,0x000000001ae10000)]

Stack: [0x000000001ad10000,0x000000001ae10000]
[error occurred during error reporting (printing stack bounds), id 0xc0000005]

Native frames: (J=compiled Java code, j=interpreted, Vv=VM code, C=native code)


Current CompileTask:
C1:    199  182       3       sun.nio.cs.UTF_8$Decoder::decode (779 bytes)


---------------  P R O C E S S  ---------------

Java Threads: ( => current thread )
  0x0000000019780800 JavaThread "surefire-forkedjvm-ping-30s" daemon [_thread_in_native, id=5740, stack(0x000000001b110000,0x000000001b210000)]
  0x00000000196b7000 JavaThread "surefire-forkedjvm-command-thread" daemon [_thread_in_native, id=17724, stack(0x000000001b010000,0x000000001b110000)]
  0x00000000195ae000 JavaThread "Service Thread" daemon [_thread_blocked, id=17884, stack(0x000000001ae10000,0x000000001af10000)]
=>0x0000000019522800 JavaThread "C1 CompilerThread3" daemon [_thread_in_native, id=16752, stack(0x000000001ad10000,0x000000001ae10000)]
  0x000000001951e800 JavaThread "C2 CompilerThread2" daemon [_thread_blocked, id=13516, stack(0x000000001ac10000,0x000000001ad10000)]
  0x0000000019519800 JavaThread "C2 CompilerThread1" daemon [_thread_blocked, id=14124, stack(0x000000001ab10000,0x000000001ac10000)]
  0x0000000019512800 JavaThread "C2 CompilerThread0" daemon [_thread_blocked, id=12156, stack(0x000000001aa10000,0x000000001ab10000)]
  0x000000001950f800 JavaThread "Attach Listener" daemon [_thread_blocked, id=1468, stack(0x000000001a910000,0x000000001aa10000)]
  0x00000000194bc000 JavaThread "Signal Dispatcher" daemon [_thread_blocked, id=8856, stack(0x000000001a810000,0x000000001a910000)]
  0x0000000002cba000 JavaThread "Finalizer" daemon [_thread_blocked, id=10592, stack(0x000000001a710000,0x000000001a810000)]
  0x00000000194a3000 JavaThread "Reference Handler" daemon [_thread_blocked, id=16524, stack(0x000000001a610000,0x000000001a710000)]
  0x0000000002abd800 JavaThread "main" [_thread_in_vm, id=10704, stack(0x0000000002ac0000,0x0000000002bc0000)]

Other Threads:
  0x0000000017db6800 VMThread [stack: 0x000000001a510000,0x000000001a610000] [id=17672]
  0x00000000195be800 WatcherThread [stack: 0x000000001af10000,0x000000001b010000] [id=11360]

VM state:not at safepoint (normal execution)

VM Mutex/Monitor currently owned by a thread:  ([mutex/lock_event])
[0x0000000002abcde0] AdapterHandlerLibrary_lock - owner thread: 0x0000000002abd800

heap address: 0x0000000082600000, size: 2010 MB, Compressed Oops mode: 32-bit
Narrow klass base: 0x0000000000000000, Narrow klass shift: 3
Compressed class space size: 1073741824 Address: 0x0000000100000000

Heap:
 PSYoungGen      total 37888K, used 7246K [0x00000000d6200000, 0x00000000d8c00000, 0x0000000100000000)
  eden space 32768K, 22% used [0x00000000d6200000,0x00000000d69138b8,0x00000000d8200000)
  from space 5120K, 0% used [0x00000000d8700000,0x00000000d8700000,0x00000000d8c00000)
  to   space 5120K, 0% used [0x00000000d8200000,0x00000000d8200000,0x00000000d8700000)
 ParOldGen       total 86016K, used 0K [0x0000000082600000, 0x0000000087a00000, 0x00000000d6200000)
  object space 86016K, 0% used [0x0000000082600000,0x0000000082600000,0x0000000087a00000)
 Metaspace       used 5010K, capacity 5216K, committed 5504K, reserved 1058816K
  class space    used 549K, capacity 596K, committed 640K, reserved 1048576K

Card table byte_map: [0x0000000012080000,0x0000000012470000] byte_map_base: 0x0000000011c6d000

Marking Bits: (ParMarkBitMap*) 0x0000000073646d90
 Begin Bits: [0x0000000013110000, 0x0000000015078000)
 End Bits:   [0x0000000015078000, 0x0000000016fe0000)

Polling page: 0x00000000003d0000

CodeCache: size=245760Kb used=1488Kb max_used=1499Kb free=244271Kb
 bounds [0x0000000002cc0000, 0x0000000002f30000, 0x0000000011cc0000]
 total_blobs=467 nmethods=182 adapters=198
 compilation: enabled

Compilation events (10 events):
Event: 0.195 Thread 0x0000000019522800  177       3       java.util.zip.ZipFile::access$400 (5 bytes)
Event: 0.195 Thread 0x0000000019522800 nmethod 177 0x0000000002e33310 code [0x0000000002e33460, 0x0000000002e33590]
Event: 0.195 Thread 0x0000000019522800  179       3       java.util.WeakHashMap::maskNull (12 bytes)
Event: 0.195 Thread 0x0000000019522800 nmethod 179 0x0000000002e33650 code [0x0000000002e337a0, 0x0000000002e33930]
Event: 0.195 Thread 0x0000000019522800  180       3       java.util.WeakHashMap::hash (28 bytes)
Event: 0.195 Thread 0x0000000019522800 nmethod 180 0x0000000002e33990 code [0x0000000002e33b00, 0x0000000002e33d48]
Event: 0.195 Thread 0x0000000019522800  181       3       java.util.WeakHashMap::getTable (9 bytes)
Event: 0.195 Thread 0x0000000019522800 nmethod 181 0x0000000002e33e10 code [0x0000000002e33f80, 0x0000000002e34128]
Event: 0.196 Thread 0x0000000019522800  182       3       sun.nio.cs.UTF_8$Decoder::decode (779 bytes)
Event: 0.196 Thread 0x0000000019512800 nmethod 178 0x0000000002e36f50 code [0x0000000002e370a0, 0x0000000002e371f8]

GC Heap History (0 events):
No events

Deoptimization events (0 events):
No events

Classes redefined (0 events):
No events

Internal exceptions (6 events):
Event: 0.029 Thread 0x0000000002abd800 Exception <a 'java/lang/NoSuchMethodError': Method sun.misc.Unsafe.defineClass(Ljava/lang/String;[BII)Ljava/lang/Class; name or signature does not match> (0x00000000d6207cb8) thrown at [C:\re\workspace\8-2-build-windows-amd64-cygwin\jdk8u231\13620\hotspot
Event: 0.029 Thread 0x0000000002abd800 Exception <a 'java/lang/NoSuchMethodError': Method sun.misc.Unsafe.prefetchRead(Ljava/lang/Object;J)V name or signature does not match> (0x00000000d6207fa0) thrown at [C:\re\workspace\8-2-build-windows-amd64-cygwin\jdk8u231\13620\hotspot\src\share\vm\prim
Event: 0.145 Thread 0x0000000002abd800 Exception <a 'java/security/PrivilegedActionException'> (0x00000000d67250c0) thrown at [C:\re\workspace\8-2-build-windows-amd64-cygwin\jdk8u231\13620\hotspot\src\share\vm\prims\jvm.cpp, line 1502]
Event: 0.145 Thread 0x0000000002abd800 Exception <a 'java/security/PrivilegedActionException'> (0x00000000d67254b8) thrown at [C:\re\workspace\8-2-build-windows-amd64-cygwin\jdk8u231\13620\hotspot\src\share\vm\prims\jvm.cpp, line 1502]
Event: 0.145 Thread 0x0000000002abd800 Exception <a 'java/security/PrivilegedActionException'> (0x00000000d67277b8) thrown at [C:\re\workspace\8-2-build-windows-amd64-cygwin\jdk8u231\13620\hotspot\src\share\vm\prims\jvm.cpp, line 1502]
Event: 0.145 Thread 0x0000000002abd800 Exception <a 'java/security/PrivilegedActionException'> (0x00000000d6727bb0) thrown at [C:\re\workspace\8-2-build-windows-amd64-cygwin\jdk8u231\13620\hotspot\src\share\vm\prims\jvm.cpp, line 1502]

Events (10 events):
Event: 0.195 loading class org/apache/maven/surefire/providerapi/ProviderParameters
Event: 0.195 loading class org/apache/maven/surefire/providerapi/ProviderParameters done
Event: 0.196 loading class org/apache/maven/surefire/booter/TestArtifactInfoAware
Event: 0.196 loading class org/apache/maven/surefire/booter/TestArtifactInfoAware done
Event: 0.196 loading class org/apache/maven/surefire/booter/RunOrderParametersAware
Event: 0.196 loading class org/apache/maven/surefire/booter/RunOrderParametersAware done
Event: 0.196 loading class org/apache/maven/surefire/booter/MainCliOptionsAware
Event: 0.196 loading class org/apache/maven/surefire/booter/MainCliOptionsAware done
Event: 0.196 loading class org/apache/maven/surefire/booter/FailFastAware
Event: 0.196 loading class org/apache/maven/surefire/booter/FailFastAware done


Dynamic libraries:
0x00007ff6a5740000 - 0x00007ff6a5777000 	D:\jdk8\jre\bin\java.exe
0x00007ffd8dbb0000 - 0x00007ffd8dda5000 	C:\WINDOWS\SYSTEM32\ntdll.dll
0x00007ffd8cb80000 - 0x00007ffd8cc3d000 	C:\WINDOWS\System32\KERNEL32.DLL
0x00007ffd8b7b0000 - 0x00007ffd8ba77000 	C:\WINDOWS\System32\KERNELBASE.dll
0x00007ffd8da10000 - 0x00007ffd8daba000 	C:\WINDOWS\System32\ADVAPI32.dll
0x00007ffd8c0d0000 - 0x00007ffd8c16e000 	D:\jdk8\jre\bin\verify.dll
0x00007ffd8bc20000 - 0x00007ffd8bcbb000 	C:\WINDOWS\System32\sechost.dll
0x00007ffd8c170000 - 0x00007ffd8c293000 	D:\jdk8\jre\bin\java.dll
0x00007ffd8d400000 - 0x00007ffd8d5a0000 	C:\WINDOWS\System32\USER32.dll
0x00007ffd8b380000 - 0x00007ffd8b3a2000 	C:\WINDOWS\System32\win32u.dll
0x00007ffd8c840000 - 0x00007ffd8c86a000 	C:\WINDOWS\System32\GDI32.dll
0x00007ffd8b540000 - 0x00007ffd8b64a000 	C:\WINDOWS\SYSTEM32\ntdll.dll
0x00007ffd8bb30000 - 0x00007ffd8bbcd000 	C:\WINDOWS\System32\ADVAPI32.dll
0x00007ffd8b650000 - 0x00007ffd8b750000 	C:\WINDOWS\System32\RPCRT4.dll
0x00007ffd74d70000 - 0x00007ffd7500a000 	C:\WINDOWS\System32\win32u.dll
0x00007ffd8bcc0000 - 0x00007ffd8bcf0000 	C:\WINDOWS\System32\gdi32full.dll
0x00000000736d0000 - 0x00000000737a2000 	D:\jdk8\jre\bin\msvcr100.dll
0x0000000072e20000 - 0x00000000736c6000 	D:\jdk8\jre\bin\server\jvm.dll
0x00007ffd8c830000 - 0x00007ffd8c838000 	C:\WINDOWS\System32\PSAPI.DLL
0x00007ffd87020000 - 0x00007ffd87029000 	C:\WINDOWS\System32\PSAPI.DLL
0x00007ffd7ba50000 - 0x00007ffd7ba77000 	C:\WINDOWS\SYSTEM32\WSOCK32.dll
0x00007ffd80ee0000 - 0x00007ffd80eea000 	C:\WINDOWS\SYSTEM32\VERSION.dll
0x00007ffd8cb10000 - 0x00007ffd8cb7b000 	C:\WINDOWS\SYSTEM32\VERSION.dll
0x00007ffd85c60000 - 0x00007ffd85c6f000 	D:\jdk8\jre\bin\verify.dll
0x00007ffd85c30000 - 0x00007ffd85c59000 	D:\jdk8\jre\bin\java.dll
0x00007ffd859d0000 - 0x00007ffd859e6000 	D:\jdk8\jre\bin\verify.dll
0x00007ffd8ccc0000 - 0x00007ffd8d400000 	D:\jdk8\jre\bin\java.dll
0x00007ffd89480000 - 0x00007ffd89c11000 	C:\WINDOWS\SYSTEM32\windows.storage.dll
0x00007ffd8c300000 - 0x00007ffd8c653000 	C:\WINDOWS\System32\combase.dll
0x00007ffd8acb0000 - 0x00007ffd8acdc000 	C:\WINDOWS\SYSTEM32\Wldp.dll
0x00007ffd8dac0000 - 0x00007ffd8db6e000 	C:\WINDOWS\SYSTEM32\ntdll.dll
0x00007ffd8c870000 - 0x00007ffd8c8c5000 	C:\WINDOWS\System32\msvcrt.dll
0x00007ffd8b240000 - 0x00007ffd8b25f000 	C:\WINDOWS\System32\USER32.dll
0x00007ffd85740000 - 0x00007ffd8574d000 	C:\WINDOWS\System32\gdi32full.dll

VM Arguments:
java_command: C:\Users\guzx\AppData\Local\Temp\surefire5705456328727960374\surefirebooter8447409923842842529.jar C:\Users\guzx\AppData\Local\Temp\surefire5705456328727960374 2020-09-08T00-06-44_597-jvmRun1 surefire901754217843946782tmp surefire_03366909634321681180tmp
java_class_path (initial): C:\Users\guzx\AppData\Local\Temp\surefire5705456328727960374\surefirebooter8447409923842842529.jar
Launcher Type: SUN_STANDARD

Environment Variables:
JAVA_HOME=D:\jdk8
CLASSPATH=.;D:\jdk8\lib\dt.jar;D:\jdk8\lib\tools.jar;   
PATH=C:\Python27\;C:\Python27\Scripts;C:\WINDOWS\system32;C:\WINDOWS;C:\WINDOWS\System32\Wbem;C:\WINDOWS\System32\WindowsPowerShell\v1.0\;C:\WINDOWS\System32\OpenSSH\;D:\jdk8\bin;D:\jdk8\jre\bin;C:\Program Files\nodejs\;C:\ProgramData\chocolatey\bin;C:\Users\guzx\AppData\Local\Microsoft\WindowsApps;C:\Users\guzx\AppData\Roaming\npm
USERNAME=guzx
OS=Windows_NT
PROCESSOR_IDENTIFIER=Intel64 Family 6 Model 158 Stepping 10, GenuineIntel



---------------  S Y S T E M  ---------------

OS: Windows 10.0 , 64 bit Build 19041 (10.0.19041.292)

CPU:total 12 (initial active 12) (6 cores per cpu, 2 threads per core) family 6 model 158 stepping 10, cmov, cx8, fxsr, mmx, sse, sse2, sse3, ssse3, sse4.1, sse4.2, popcnt, avx, avx2, aes, clmul, erms, 3dnowpref, lzcnt, ht, tsc, tscinvbit, bmi1, bmi2, adx

Memory: 4k page, physical 8231820k(632332k free), swap 14697864k(5124k free)

vm_info: Java HotSpot(TM) 64-Bit Server VM (25.231-b11) for windows-amd64 JRE (1.8.0_231-b11), built on Oct  5 2019 03:11:30 by "java_re" with MS VC++ 10.0 (VS2010)

time: Tue Sep 08 00:06:45 2020
timezone: 中国标准时间
elapsed time: 0 seconds (0d 0h 0m 0s)

