九月 28, 2020 2:28:11 下午 io.github.yedaxia.apidocs.LogUtils info
信息: info: find java src paths:  [F:\IntelliJProjects\pri_diary\src\main\java\]
九月 28, 2020 2:28:11 下午 io.github.yedaxia.apidocs.LogUtils info
信息: info: project type not set, try to figure out...
九月 28, 2020 2:28:12 下午 io.github.yedaxia.apidocs.LogUtils info
信息: info: start find controllers in path : F:\IntelliJProjects\pri_diary\src\main\java\
九月 28, 2020 2:28:15 下午 io.github.yedaxia.apidocs.LogUtils info
信息: info: find controller file : DemoController.java
九月 28, 2020 2:28:15 下午 io.github.yedaxia.apidocs.LogUtils info
信息: info: find controller file : PdBlogController.java
九月 28, 2020 2:28:15 下午 io.github.yedaxia.apidocs.LogUtils info
信息: info: find controller file : PdCommentController.java
九月 28, 2020 2:28:15 下午 io.github.yedaxia.apidocs.LogUtils info
信息: info: find controller file : PdDiaryController.java
九月 28, 2020 2:28:15 下午 io.github.yedaxia.apidocs.LogUtils info
信息: info: find controller file : PdFriendController.java
九月 28, 2020 2:28:15 下午 io.github.yedaxia.apidocs.LogUtils info
信息: info: find controller file : PdMessageController.java
九月 28, 2020 2:28:15 下午 io.github.yedaxia.apidocs.LogUtils info
信息: info: find controller file : PdPraiseController.java
九月 28, 2020 2:28:15 下午 io.github.yedaxia.apidocs.LogUtils info
信息: info: find controller file : PdUserController.java
九月 28, 2020 2:28:15 下午 io.github.yedaxia.apidocs.LogUtils info
信息: info: start to parse controller file : DemoController.java
九月 28, 2020 2:28:15 下午 io.github.yedaxia.apidocs.LogUtils info
信息: info: success to parse controller file : DemoController.java
九月 28, 2020 2:28:15 下午 io.github.yedaxia.apidocs.LogUtils info
信息: info: start to parse controller file : PdBlogController.java
九月 28, 2020 2:28:16 下午 io.github.yedaxia.apidocs.LogUtils info
信息: info: we think T should not be an enum type
九月 28, 2020 2:28:16 下午 io.github.yedaxia.apidocs.LogUtils warn
警告: warning!! Cannot find java file , in java file : F:\IntelliJProjects\pri_diary\src\main\java\per\guzx\pri_diary\pojo\ApiResp.java, className : T, we cannot found more information of it, you've better to make it a JavaBean
九月 28, 2020 2:28:18 下午 io.github.yedaxia.apidocs.LogUtils info
信息: info: we think T should not be an enum type
九月 28, 2020 2:28:18 下午 io.github.yedaxia.apidocs.LogUtils warn
警告: warning!! Cannot find java file , in java file : F:\IntelliJProjects\pri_diary\src\main\java\per\guzx\pri_diary\pojo\ApiResp.java, className : T, we cannot found more information of it, you've better to make it a JavaBean
九月 28, 2020 2:28:18 下午 io.github.yedaxia.apidocs.LogUtils info
信息: info: success to parse controller file : PdBlogController.java
九月 28, 2020 2:28:18 下午 io.github.yedaxia.apidocs.LogUtils info
信息: info: start to parse controller file : PdCommentController.java
九月 28, 2020 2:28:18 下午 io.github.yedaxia.apidocs.LogUtils info
信息: info: we think T should not be an enum type
九月 28, 2020 2:28:18 下午 io.github.yedaxia.apidocs.LogUtils warn
警告: warning!! Cannot find java file , in java file : F:\IntelliJProjects\pri_diary\src\main\java\per\guzx\pri_diary\pojo\ApiResp.java, className : T, we cannot found more information of it, you've better to make it a JavaBean
九月 28, 2020 2:28:18 下午 io.github.yedaxia.apidocs.LogUtils info
信息: info: we think T should not be an enum type
九月 28, 2020 2:28:18 下午 io.github.yedaxia.apidocs.LogUtils warn
警告: warning!! Cannot find java file , in java file : F:\IntelliJProjects\pri_diary\src\main\java\per\guzx\pri_diary\pojo\ApiResp.java, className : T, we cannot found more information of it, you've better to make it a JavaBean
九月 28, 2020 2:28:19 下午 io.github.yedaxia.apidocs.LogUtils info
信息: info: we think T should not be an enum type
九月 28, 2020 2:28:19 下午 io.github.yedaxia.apidocs.LogUtils warn
警告: warning!! Cannot find java file , in java file : F:\IntelliJProjects\pri_diary\src\main\java\per\guzx\pri_diary\pojo\ApiResp.java, className : T, we cannot found more information of it, you've better to make it a JavaBean
九月 28, 2020 2:28:19 下午 io.github.yedaxia.apidocs.LogUtils info
信息: info: we think T should not be an enum type
九月 28, 2020 2:28:19 下午 io.github.yedaxia.apidocs.LogUtils warn
警告: warning!! Cannot find java file , in java file : F:\IntelliJProjects\pri_diary\src\main\java\per\guzx\pri_diary\pojo\ApiResp.java, className : T, we cannot found more information of it, you've better to make it a JavaBean
九月 28, 2020 2:28:20 下午 io.github.yedaxia.apidocs.LogUtils info
信息: info: we think T should not be an enum type
九月 28, 2020 2:28:20 下午 io.github.yedaxia.apidocs.LogUtils warn
警告: warning!! Cannot find java file , in java file : F:\IntelliJProjects\pri_diary\src\main\java\per\guzx\pri_diary\pojo\ApiResp.java, className : T, we cannot found more information of it, you've better to make it a JavaBean
九月 28, 2020 2:28:20 下午 io.github.yedaxia.apidocs.LogUtils info
信息: info: success to parse controller file : PdCommentController.java
九月 28, 2020 2:28:20 下午 io.github.yedaxia.apidocs.LogUtils info
信息: info: start to parse controller file : PdDiaryController.java
九月 28, 2020 2:28:20 下午 io.github.yedaxia.apidocs.LogUtils info
信息: info: we think T should not be an enum type
九月 28, 2020 2:28:20 下午 io.github.yedaxia.apidocs.LogUtils warn
警告: warning!! Cannot find java file , in java file : F:\IntelliJProjects\pri_diary\src\main\java\per\guzx\pri_diary\pojo\ApiResp.java, className : T, we cannot found more information of it, you've better to make it a JavaBean
九月 28, 2020 2:28:21 下午 io.github.yedaxia.apidocs.LogUtils info
信息: info: we think T should not be an enum type
九月 28, 2020 2:28:21 下午 io.github.yedaxia.apidocs.LogUtils warn
警告: warning!! Cannot find java file , in java file : F:\IntelliJProjects\pri_diary\src\main\java\per\guzx\pri_diary\pojo\ApiResp.java, className : T, we cannot found more information of it, you've better to make it a JavaBean
九月 28, 2020 2:28:22 下午 io.github.yedaxia.apidocs.LogUtils info
信息: info: we think T should not be an enum type
九月 28, 2020 2:28:22 下午 io.github.yedaxia.apidocs.LogUtils warn
警告: warning!! Cannot find java file , in java file : F:\IntelliJProjects\pri_diary\src\main\java\per\guzx\pri_diary\pojo\ApiResp.java, className : T, we cannot found more information of it, you've better to make it a JavaBean
九月 28, 2020 2:28:23 下午 io.github.yedaxia.apidocs.LogUtils info
信息: info: we think T should not be an enum type
九月 28, 2020 2:28:23 下午 io.github.yedaxia.apidocs.LogUtils warn
警告: warning!! Cannot find java file , in java file : F:\IntelliJProjects\pri_diary\src\main\java\per\guzx\pri_diary\pojo\ApiResp.java, className : T, we cannot found more information of it, you've better to make it a JavaBean
九月 28, 2020 2:28:23 下午 io.github.yedaxia.apidocs.LogUtils info
信息: info: we think T should not be an enum type
九月 28, 2020 2:28:23 下午 io.github.yedaxia.apidocs.LogUtils warn
警告: warning!! Cannot find java file , in java file : F:\IntelliJProjects\pri_diary\src\main\java\per\guzx\pri_diary\pojo\ApiResp.java, className : T, we cannot found more information of it, you've better to make it a JavaBean
九月 28, 2020 2:28:23 下午 io.github.yedaxia.apidocs.LogUtils info
信息: info: we think T should not be an enum type
九月 28, 2020 2:28:23 下午 io.github.yedaxia.apidocs.LogUtils warn
警告: warning!! Cannot find java file , in java file : F:\IntelliJProjects\pri_diary\src\main\java\per\guzx\pri_diary\pojo\ApiResp.java, className : T, we cannot found more information of it, you've better to make it a JavaBean
九月 28, 2020 2:28:23 下午 io.github.yedaxia.apidocs.LogUtils info
信息: info: we think T should not be an enum type
九月 28, 2020 2:28:23 下午 io.github.yedaxia.apidocs.LogUtils warn
警告: warning!! Cannot find java file , in java file : F:\IntelliJProjects\pri_diary\src\main\java\per\guzx\pri_diary\pojo\ApiResp.java, className : T, we cannot found more information of it, you've better to make it a JavaBean
九月 28, 2020 2:28:24 下午 io.github.yedaxia.apidocs.LogUtils info
信息: info: we think T should not be an enum type
九月 28, 2020 2:28:24 下午 io.github.yedaxia.apidocs.LogUtils warn
警告: warning!! Cannot find java file , in java file : F:\IntelliJProjects\pri_diary\src\main\java\per\guzx\pri_diary\pojo\ApiResp.java, className : T, we cannot found more information of it, you've better to make it a JavaBean
九月 28, 2020 2:28:24 下午 io.github.yedaxia.apidocs.LogUtils info
信息: info: we think T should not be an enum type
九月 28, 2020 2:28:24 下午 io.github.yedaxia.apidocs.LogUtils warn
警告: warning!! Cannot find java file , in java file : F:\IntelliJProjects\pri_diary\src\main\java\per\guzx\pri_diary\pojo\ApiResp.java, className : T, we cannot found more information of it, you've better to make it a JavaBean
九月 28, 2020 2:28:24 下午 io.github.yedaxia.apidocs.LogUtils info
信息: info: we think T should not be an enum type
九月 28, 2020 2:28:24 下午 io.github.yedaxia.apidocs.LogUtils warn
警告: warning!! Cannot find java file , in java file : F:\IntelliJProjects\pri_diary\src\main\java\per\guzx\pri_diary\pojo\ApiResp.java, className : T, we cannot found more information of it, you've better to make it a JavaBean
九月 28, 2020 2:28:24 下午 io.github.yedaxia.apidocs.LogUtils info
信息: info: we think T should not be an enum type
九月 28, 2020 2:28:24 下午 io.github.yedaxia.apidocs.LogUtils warn
警告: warning!! Cannot find java file , in java file : F:\IntelliJProjects\pri_diary\src\main\java\per\guzx\pri_diary\pojo\ApiResp.java, className : T, we cannot found more information of it, you've better to make it a JavaBean
九月 28, 2020 2:28:24 下午 io.github.yedaxia.apidocs.LogUtils info
信息: info: success to parse controller file : PdDiaryController.java
九月 28, 2020 2:28:24 下午 io.github.yedaxia.apidocs.LogUtils info
信息: info: start to parse controller file : PdFriendController.java
九月 28, 2020 2:28:24 下午 io.github.yedaxia.apidocs.LogUtils info
信息: info: we think T should not be an enum type
九月 28, 2020 2:28:24 下午 io.github.yedaxia.apidocs.LogUtils warn
警告: warning!! Cannot find java file , in java file : F:\IntelliJProjects\pri_diary\src\main\java\per\guzx\pri_diary\pojo\ApiResp.java, className : T, we cannot found more information of it, you've better to make it a JavaBean
九月 28, 2020 2:28:25 下午 io.github.yedaxia.apidocs.LogUtils info
信息: info: we think T should not be an enum type
九月 28, 2020 2:28:25 下午 io.github.yedaxia.apidocs.LogUtils warn
警告: warning!! Cannot find java file , in java file : F:\IntelliJProjects\pri_diary\src\main\java\per\guzx\pri_diary\pojo\ApiResp.java, className : T, we cannot found more information of it, you've better to make it a JavaBean
九月 28, 2020 2:28:25 下午 io.github.yedaxia.apidocs.LogUtils info
信息: info: we think T should not be an enum type
九月 28, 2020 2:28:25 下午 io.github.yedaxia.apidocs.LogUtils warn
警告: warning!! Cannot find java file , in java file : F:\IntelliJProjects\pri_diary\src\main\java\per\guzx\pri_diary\pojo\ApiResp.java, className : T, we cannot found more information of it, you've better to make it a JavaBean
九月 28, 2020 2:28:25 下午 io.github.yedaxia.apidocs.LogUtils info
信息: info: we think T should not be an enum type
九月 28, 2020 2:28:25 下午 io.github.yedaxia.apidocs.LogUtils warn
警告: warning!! Cannot find java file , in java file : F:\IntelliJProjects\pri_diary\src\main\java\per\guzx\pri_diary\pojo\ApiResp.java, className : T, we cannot found more information of it, you've better to make it a JavaBean
九月 28, 2020 2:28:25 下午 io.github.yedaxia.apidocs.LogUtils info
信息: info: success to parse controller file : PdFriendController.java
九月 28, 2020 2:28:25 下午 io.github.yedaxia.apidocs.LogUtils info
信息: info: start to parse controller file : PdMessageController.java
九月 28, 2020 2:28:25 下午 io.github.yedaxia.apidocs.LogUtils info
信息: info: we think T should not be an enum type
九月 28, 2020 2:28:25 下午 io.github.yedaxia.apidocs.LogUtils warn
警告: warning!! Cannot find java file , in java file : F:\IntelliJProjects\pri_diary\src\main\java\per\guzx\pri_diary\pojo\ApiResp.java, className : T, we cannot found more information of it, you've better to make it a JavaBean
九月 28, 2020 2:28:25 下午 io.github.yedaxia.apidocs.LogUtils info
信息: info: we think T should not be an enum type
九月 28, 2020 2:28:25 下午 io.github.yedaxia.apidocs.LogUtils warn
警告: warning!! Cannot find java file , in java file : F:\IntelliJProjects\pri_diary\src\main\java\per\guzx\pri_diary\pojo\ApiResp.java, className : T, we cannot found more information of it, you've better to make it a JavaBean
九月 28, 2020 2:28:25 下午 io.github.yedaxia.apidocs.LogUtils info
信息: info: we think T should not be an enum type
九月 28, 2020 2:28:25 下午 io.github.yedaxia.apidocs.LogUtils warn
警告: warning!! Cannot find java file , in java file : F:\IntelliJProjects\pri_diary\src\main\java\per\guzx\pri_diary\pojo\ApiResp.java, className : T, we cannot found more information of it, you've better to make it a JavaBean
九月 28, 2020 2:28:26 下午 io.github.yedaxia.apidocs.LogUtils info
信息: info: we think T should not be an enum type
九月 28, 2020 2:28:26 下午 io.github.yedaxia.apidocs.LogUtils warn
警告: warning!! Cannot find java file , in java file : F:\IntelliJProjects\pri_diary\src\main\java\per\guzx\pri_diary\pojo\ApiResp.java, className : T, we cannot found more information of it, you've better to make it a JavaBean
九月 28, 2020 2:28:26 下午 io.github.yedaxia.apidocs.LogUtils info
信息: info: we think T should not be an enum type
九月 28, 2020 2:28:26 下午 io.github.yedaxia.apidocs.LogUtils warn
警告: warning!! Cannot find java file , in java file : F:\IntelliJProjects\pri_diary\src\main\java\per\guzx\pri_diary\pojo\ApiResp.java, className : T, we cannot found more information of it, you've better to make it a JavaBean
九月 28, 2020 2:28:26 下午 io.github.yedaxia.apidocs.LogUtils info
信息: info: success to parse controller file : PdMessageController.java
九月 28, 2020 2:28:26 下午 io.github.yedaxia.apidocs.LogUtils info
信息: info: start to parse controller file : PdPraiseController.java
九月 28, 2020 2:28:26 下午 io.github.yedaxia.apidocs.LogUtils info
信息: info: we think T should not be an enum type
九月 28, 2020 2:28:26 下午 io.github.yedaxia.apidocs.LogUtils warn
警告: warning!! Cannot find java file , in java file : F:\IntelliJProjects\pri_diary\src\main\java\per\guzx\pri_diary\pojo\ApiResp.java, className : T, we cannot found more information of it, you've better to make it a JavaBean
九月 28, 2020 2:28:26 下午 io.github.yedaxia.apidocs.LogUtils info
信息: info: we think T should not be an enum type
九月 28, 2020 2:28:26 下午 io.github.yedaxia.apidocs.LogUtils warn
警告: warning!! Cannot find java file , in java file : F:\IntelliJProjects\pri_diary\src\main\java\per\guzx\pri_diary\pojo\ApiResp.java, className : T, we cannot found more information of it, you've better to make it a JavaBean
九月 28, 2020 2:28:26 下午 io.github.yedaxia.apidocs.LogUtils info
信息: info: we think T should not be an enum type
九月 28, 2020 2:28:26 下午 io.github.yedaxia.apidocs.LogUtils warn
警告: warning!! Cannot find java file , in java file : F:\IntelliJProjects\pri_diary\src\main\java\per\guzx\pri_diary\pojo\ApiResp.java, className : T, we cannot found more information of it, you've better to make it a JavaBean
九月 28, 2020 2:28:26 下午 io.github.yedaxia.apidocs.LogUtils info
信息: info: we think T should not be an enum type
九月 28, 2020 2:28:26 下午 io.github.yedaxia.apidocs.LogUtils warn
警告: warning!! Cannot find java file , in java file : F:\IntelliJProjects\pri_diary\src\main\java\per\guzx\pri_diary\pojo\ApiResp.java, className : T, we cannot found more information of it, you've better to make it a JavaBean
九月 28, 2020 2:28:26 下午 io.github.yedaxia.apidocs.LogUtils info
信息: info: we think T should not be an enum type
九月 28, 2020 2:28:26 下午 io.github.yedaxia.apidocs.LogUtils warn
警告: warning!! Cannot find java file , in java file : F:\IntelliJProjects\pri_diary\src\main\java\per\guzx\pri_diary\pojo\ApiResp.java, className : T, we cannot found more information of it, you've better to make it a JavaBean
九月 28, 2020 2:28:26 下午 io.github.yedaxia.apidocs.LogUtils info
信息: info: success to parse controller file : PdPraiseController.java
九月 28, 2020 2:28:26 下午 io.github.yedaxia.apidocs.LogUtils info
信息: info: start to parse controller file : PdUserController.java
九月 28, 2020 2:28:27 下午 io.github.yedaxia.apidocs.LogUtils info
信息: info: we think T should not be an enum type
九月 28, 2020 2:28:27 下午 io.github.yedaxia.apidocs.LogUtils warn
警告: warning!! Cannot find java file , in java file : F:\IntelliJProjects\pri_diary\src\main\java\per\guzx\pri_diary\pojo\ApiResp.java, className : T, we cannot found more information of it, you've better to make it a JavaBean
九月 28, 2020 2:28:27 下午 io.github.yedaxia.apidocs.LogUtils info
信息: info: we think T should not be an enum type
九月 28, 2020 2:28:27 下午 io.github.yedaxia.apidocs.LogUtils warn
警告: warning!! Cannot find java file , in java file : F:\IntelliJProjects\pri_diary\src\main\java\per\guzx\pri_diary\pojo\ApiResp.java, className : T, we cannot found more information of it, you've better to make it a JavaBean
九月 28, 2020 2:28:27 下午 io.github.yedaxia.apidocs.LogUtils info
信息: info: we think T should not be an enum type
九月 28, 2020 2:28:27 下午 io.github.yedaxia.apidocs.LogUtils warn
警告: warning!! Cannot find java file , in java file : F:\IntelliJProjects\pri_diary\src\main\java\per\guzx\pri_diary\pojo\ApiResp.java, className : T, we cannot found more information of it, you've better to make it a JavaBean
九月 28, 2020 2:28:27 下午 io.github.yedaxia.apidocs.LogUtils info
信息: info: we think T should not be an enum type
九月 28, 2020 2:28:28 下午 io.github.yedaxia.apidocs.LogUtils warn
警告: warning!! Cannot find java file , in java file : F:\IntelliJProjects\pri_diary\src\main\java\per\guzx\pri_diary\pojo\ApiResp.java, className : T, we cannot found more information of it, you've better to make it a JavaBean
九月 28, 2020 2:28:28 下午 io.github.yedaxia.apidocs.LogUtils info
信息: info: we think T should not be an enum type
九月 28, 2020 2:28:28 下午 io.github.yedaxia.apidocs.LogUtils warn
警告: warning!! Cannot find java file , in java file : F:\IntelliJProjects\pri_diary\src\main\java\per\guzx\pri_diary\pojo\ApiResp.java, className : T, we cannot found more information of it, you've better to make it a JavaBean
九月 28, 2020 2:28:28 下午 io.github.yedaxia.apidocs.LogUtils warn
警告: warning!! Cannot find java file , in java file : F:\IntelliJProjects\pri_diary\src\main\java\per\guzx\pri_diary\pojo\PageInfo.java, className : T, we cannot found more information of it, you've better to make it a JavaBean
九月 28, 2020 2:28:29 下午 io.github.yedaxia.apidocs.LogUtils info
信息: info: we think T should not be an enum type
九月 28, 2020 2:28:29 下午 io.github.yedaxia.apidocs.LogUtils warn
警告: warning!! Cannot find java file , in java file : F:\IntelliJProjects\pri_diary\src\main\java\per\guzx\pri_diary\pojo\ApiResp.java, className : T, we cannot found more information of it, you've better to make it a JavaBean
九月 28, 2020 2:28:29 下午 io.github.yedaxia.apidocs.LogUtils info
信息: info: success to parse controller file : PdUserController.java
九月 28, 2020 2:28:29 下午 io.github.yedaxia.apidocs.LogUtils info
信息: info: generate api docs start...
九月 28, 2020 2:28:29 下午 io.github.yedaxia.apidocs.LogUtils info
信息: info: start to generate docs for controller file : F:\IntelliJProjects\pri_diary\src\main\java\per\guzx\pri_diary\controller\DemoController.java
九月 28, 2020 2:28:30 下午 io.github.yedaxia.apidocs.LogUtils info
信息: info: success to generate docs for controller file : F:\IntelliJProjects\pri_diary\src\main\java\per\guzx\pri_diary\controller\DemoController.java
九月 28, 2020 2:28:30 下午 io.github.yedaxia.apidocs.LogUtils info
信息: info: start to generate docs for controller file : F:\IntelliJProjects\pri_diary\src\main\java\per\guzx\pri_diary\controller\PdBlogController.java
九月 28, 2020 2:28:30 下午 io.github.yedaxia.apidocs.LogUtils info
信息: info: success to generate docs for controller file : F:\IntelliJProjects\pri_diary\src\main\java\per\guzx\pri_diary\controller\PdBlogController.java
九月 28, 2020 2:28:30 下午 io.github.yedaxia.apidocs.LogUtils info
信息: info: start to generate docs for controller file : F:\IntelliJProjects\pri_diary\src\main\java\per\guzx\pri_diary\controller\PdCommentController.java
九月 28, 2020 2:28:30 下午 io.github.yedaxia.apidocs.LogUtils info
信息: info: success to generate docs for controller file : F:\IntelliJProjects\pri_diary\src\main\java\per\guzx\pri_diary\controller\PdCommentController.java
九月 28, 2020 2:28:30 下午 io.github.yedaxia.apidocs.LogUtils info
信息: info: start to generate docs for controller file : F:\IntelliJProjects\pri_diary\src\main\java\per\guzx\pri_diary\controller\PdDiaryController.java
九月 28, 2020 2:28:30 下午 io.github.yedaxia.apidocs.LogUtils info
信息: info: success to generate docs for controller file : F:\IntelliJProjects\pri_diary\src\main\java\per\guzx\pri_diary\controller\PdDiaryController.java
九月 28, 2020 2:28:30 下午 io.github.yedaxia.apidocs.LogUtils info
信息: info: start to generate docs for controller file : F:\IntelliJProjects\pri_diary\src\main\java\per\guzx\pri_diary\controller\PdFriendController.java
九月 28, 2020 2:28:30 下午 io.github.yedaxia.apidocs.LogUtils info
信息: info: success to generate docs for controller file : F:\IntelliJProjects\pri_diary\src\main\java\per\guzx\pri_diary\controller\PdFriendController.java
九月 28, 2020 2:28:30 下午 io.github.yedaxia.apidocs.LogUtils info
信息: info: start to generate docs for controller file : F:\IntelliJProjects\pri_diary\src\main\java\per\guzx\pri_diary\controller\PdMessageController.java
九月 28, 2020 2:28:30 下午 io.github.yedaxia.apidocs.LogUtils info
信息: info: success to generate docs for controller file : F:\IntelliJProjects\pri_diary\src\main\java\per\guzx\pri_diary\controller\PdMessageController.java
九月 28, 2020 2:28:30 下午 io.github.yedaxia.apidocs.LogUtils info
信息: info: start to generate docs for controller file : F:\IntelliJProjects\pri_diary\src\main\java\per\guzx\pri_diary\controller\PdPraiseController.java
九月 28, 2020 2:28:30 下午 io.github.yedaxia.apidocs.LogUtils info
信息: info: success to generate docs for controller file : F:\IntelliJProjects\pri_diary\src\main\java\per\guzx\pri_diary\controller\PdPraiseController.java
九月 28, 2020 2:28:30 下午 io.github.yedaxia.apidocs.LogUtils info
信息: info: start to generate docs for controller file : F:\IntelliJProjects\pri_diary\src\main\java\per\guzx\pri_diary\controller\PdUserController.java
九月 28, 2020 2:28:30 下午 io.github.yedaxia.apidocs.LogUtils info
信息: info: success to generate docs for controller file : F:\IntelliJProjects\pri_diary\src\main\java\per\guzx\pri_diary\controller\PdUserController.java
九月 28, 2020 2:28:30 下午 io.github.yedaxia.apidocs.LogUtils info
信息: info: generate index start !!!
九月 28, 2020 2:28:30 下午 io.github.yedaxia.apidocs.LogUtils info
信息: info: generate index done !!!
九月 28, 2020 2:28:30 下午 io.github.yedaxia.apidocs.LogUtils info
信息: info: generate api docs done !!!
九月 28, 2020 2:28:31 下午 io.github.yedaxia.apidocs.LogUtils info
信息: info: find java src paths:  [F:\IntelliJProjects\pri_diary\src\main\java\]
九月 28, 2020 2:28:31 下午 io.github.yedaxia.apidocs.LogUtils info
信息: info: project type not set, try to figure out...
九月 28, 2020 2:28:31 下午 io.github.yedaxia.apidocs.LogUtils info
信息: info: start find controllers in path : F:\IntelliJProjects\pri_diary\src\main\java\
九月 28, 2020 2:28:32 下午 io.github.yedaxia.apidocs.LogUtils info
信息: info: find controller file : DemoController.java
九月 28, 2020 2:28:32 下午 io.github.yedaxia.apidocs.LogUtils info
信息: info: find controller file : PdBlogController.java
九月 28, 2020 2:28:32 下午 io.github.yedaxia.apidocs.LogUtils info
信息: info: find controller file : PdCommentController.java
九月 28, 2020 2:28:32 下午 io.github.yedaxia.apidocs.LogUtils info
信息: info: find controller file : PdDiaryController.java
九月 28, 2020 2:28:32 下午 io.github.yedaxia.apidocs.LogUtils info
信息: info: find controller file : PdFriendController.java
九月 28, 2020 2:28:32 下午 io.github.yedaxia.apidocs.LogUtils info
信息: info: find controller file : PdMessageController.java
九月 28, 2020 2:28:32 下午 io.github.yedaxia.apidocs.LogUtils info
信息: info: find controller file : PdPraiseController.java
九月 28, 2020 2:28:32 下午 io.github.yedaxia.apidocs.LogUtils info
信息: info: find controller file : PdUserController.java
九月 28, 2020 2:28:32 下午 io.github.yedaxia.apidocs.LogUtils info
信息: info: start to parse controller file : DemoController.java
九月 28, 2020 2:28:32 下午 io.github.yedaxia.apidocs.LogUtils info
信息: info: success to parse controller file : DemoController.java
九月 28, 2020 2:28:32 下午 io.github.yedaxia.apidocs.LogUtils info
信息: info: start to parse controller file : PdBlogController.java
九月 28, 2020 2:28:32 下午 io.github.yedaxia.apidocs.LogUtils info
信息: info: we think T should not be an enum type
九月 28, 2020 2:28:32 下午 io.github.yedaxia.apidocs.LogUtils warn
警告: warning!! Cannot find java file , in java file : F:\IntelliJProjects\pri_diary\src\main\java\per\guzx\pri_diary\pojo\ApiResp.java, className : T, we cannot found more information of it, you've better to make it a JavaBean
九月 28, 2020 2:28:32 下午 io.github.yedaxia.apidocs.LogUtils info
信息: info: we think T should not be an enum type
九月 28, 2020 2:28:32 下午 io.github.yedaxia.apidocs.LogUtils warn
警告: warning!! Cannot find java file , in java file : F:\IntelliJProjects\pri_diary\src\main\java\per\guzx\pri_diary\pojo\ApiResp.java, className : T, we cannot found more information of it, you've better to make it a JavaBean
九月 28, 2020 2:28:32 下午 io.github.yedaxia.apidocs.LogUtils info
信息: info: success to parse controller file : PdBlogController.java
九月 28, 2020 2:28:32 下午 io.github.yedaxia.apidocs.LogUtils info
信息: info: start to parse controller file : PdCommentController.java
九月 28, 2020 2:28:33 下午 io.github.yedaxia.apidocs.LogUtils info
信息: info: we think T should not be an enum type
九月 28, 2020 2:28:33 下午 io.github.yedaxia.apidocs.LogUtils warn
警告: warning!! Cannot find java file , in java file : F:\IntelliJProjects\pri_diary\src\main\java\per\guzx\pri_diary\pojo\ApiResp.java, className : T, we cannot found more information of it, you've better to make it a JavaBean
九月 28, 2020 2:28:33 下午 io.github.yedaxia.apidocs.LogUtils info
信息: info: we think T should not be an enum type
九月 28, 2020 2:28:33 下午 io.github.yedaxia.apidocs.LogUtils warn
警告: warning!! Cannot find java file , in java file : F:\IntelliJProjects\pri_diary\src\main\java\per\guzx\pri_diary\pojo\ApiResp.java, className : T, we cannot found more information of it, you've better to make it a JavaBean
九月 28, 2020 2:28:33 下午 io.github.yedaxia.apidocs.LogUtils info
信息: info: we think T should not be an enum type
九月 28, 2020 2:28:33 下午 io.github.yedaxia.apidocs.LogUtils warn
警告: warning!! Cannot find java file , in java file : F:\IntelliJProjects\pri_diary\src\main\java\per\guzx\pri_diary\pojo\ApiResp.java, className : T, we cannot found more information of it, you've better to make it a JavaBean
九月 28, 2020 2:28:33 下午 io.github.yedaxia.apidocs.LogUtils info
信息: info: we think T should not be an enum type
九月 28, 2020 2:28:33 下午 io.github.yedaxia.apidocs.LogUtils warn
警告: warning!! Cannot find java file , in java file : F:\IntelliJProjects\pri_diary\src\main\java\per\guzx\pri_diary\pojo\ApiResp.java, className : T, we cannot found more information of it, you've better to make it a JavaBean
九月 28, 2020 2:28:33 下午 io.github.yedaxia.apidocs.LogUtils info
信息: info: we think T should not be an enum type
九月 28, 2020 2:28:33 下午 io.github.yedaxia.apidocs.LogUtils warn
警告: warning!! Cannot find java file , in java file : F:\IntelliJProjects\pri_diary\src\main\java\per\guzx\pri_diary\pojo\ApiResp.java, className : T, we cannot found more information of it, you've better to make it a JavaBean
九月 28, 2020 2:28:33 下午 io.github.yedaxia.apidocs.LogUtils info
信息: info: success to parse controller file : PdCommentController.java
九月 28, 2020 2:28:33 下午 io.github.yedaxia.apidocs.LogUtils info
信息: info: start to parse controller file : PdDiaryController.java
九月 28, 2020 2:28:33 下午 io.github.yedaxia.apidocs.LogUtils info
信息: info: we think T should not be an enum type
九月 28, 2020 2:28:33 下午 io.github.yedaxia.apidocs.LogUtils warn
警告: warning!! Cannot find java file , in java file : F:\IntelliJProjects\pri_diary\src\main\java\per\guzx\pri_diary\pojo\ApiResp.java, className : T, we cannot found more information of it, you've better to make it a JavaBean
九月 28, 2020 2:28:33 下午 io.github.yedaxia.apidocs.LogUtils info
信息: info: we think T should not be an enum type
九月 28, 2020 2:28:33 下午 io.github.yedaxia.apidocs.LogUtils warn
警告: warning!! Cannot find java file , in java file : F:\IntelliJProjects\pri_diary\src\main\java\per\guzx\pri_diary\pojo\ApiResp.java, className : T, we cannot found more information of it, you've better to make it a JavaBean
九月 28, 2020 2:28:34 下午 io.github.yedaxia.apidocs.LogUtils info
信息: info: we think T should not be an enum type
九月 28, 2020 2:28:34 下午 io.github.yedaxia.apidocs.LogUtils warn
警告: warning!! Cannot find java file , in java file : F:\IntelliJProjects\pri_diary\src\main\java\per\guzx\pri_diary\pojo\ApiResp.java, className : T, we cannot found more information of it, you've better to make it a JavaBean
九月 28, 2020 2:28:34 下午 io.github.yedaxia.apidocs.LogUtils info
信息: info: we think T should not be an enum type
九月 28, 2020 2:28:34 下午 io.github.yedaxia.apidocs.LogUtils warn
警告: warning!! Cannot find java file , in java file : F:\IntelliJProjects\pri_diary\src\main\java\per\guzx\pri_diary\pojo\ApiResp.java, className : T, we cannot found more information of it, you've better to make it a JavaBean
九月 28, 2020 2:28:34 下午 io.github.yedaxia.apidocs.LogUtils info
信息: info: we think T should not be an enum type
九月 28, 2020 2:28:34 下午 io.github.yedaxia.apidocs.LogUtils warn
警告: warning!! Cannot find java file , in java file : F:\IntelliJProjects\pri_diary\src\main\java\per\guzx\pri_diary\pojo\ApiResp.java, className : T, we cannot found more information of it, you've better to make it a JavaBean
九月 28, 2020 2:28:34 下午 io.github.yedaxia.apidocs.LogUtils info
信息: info: we think T should not be an enum type
九月 28, 2020 2:28:34 下午 io.github.yedaxia.apidocs.LogUtils warn
警告: warning!! Cannot find java file , in java file : F:\IntelliJProjects\pri_diary\src\main\java\per\guzx\pri_diary\pojo\ApiResp.java, className : T, we cannot found more information of it, you've better to make it a JavaBean
九月 28, 2020 2:28:34 下午 io.github.yedaxia.apidocs.LogUtils info
信息: info: we think T should not be an enum type
九月 28, 2020 2:28:34 下午 io.github.yedaxia.apidocs.LogUtils warn
警告: warning!! Cannot find java file , in java file : F:\IntelliJProjects\pri_diary\src\main\java\per\guzx\pri_diary\pojo\ApiResp.java, className : T, we cannot found more information of it, you've better to make it a JavaBean
九月 28, 2020 2:28:35 下午 io.github.yedaxia.apidocs.LogUtils info
信息: info: we think T should not be an enum type
九月 28, 2020 2:28:35 下午 io.github.yedaxia.apidocs.LogUtils warn
警告: warning!! Cannot find java file , in java file : F:\IntelliJProjects\pri_diary\src\main\java\per\guzx\pri_diary\pojo\ApiResp.java, className : T, we cannot found more information of it, you've better to make it a JavaBean
九月 28, 2020 2:28:35 下午 io.github.yedaxia.apidocs.LogUtils info
信息: info: we think T should not be an enum type
九月 28, 2020 2:28:35 下午 io.github.yedaxia.apidocs.LogUtils warn
警告: warning!! Cannot find java file , in java file : F:\IntelliJProjects\pri_diary\src\main\java\per\guzx\pri_diary\pojo\ApiResp.java, className : T, we cannot found more information of it, you've better to make it a JavaBean
九月 28, 2020 2:28:35 下午 io.github.yedaxia.apidocs.LogUtils info
信息: info: we think T should not be an enum type
九月 28, 2020 2:28:35 下午 io.github.yedaxia.apidocs.LogUtils warn
警告: warning!! Cannot find java file , in java file : F:\IntelliJProjects\pri_diary\src\main\java\per\guzx\pri_diary\pojo\ApiResp.java, className : T, we cannot found more information of it, you've better to make it a JavaBean
九月 28, 2020 2:28:35 下午 io.github.yedaxia.apidocs.LogUtils info
信息: info: we think T should not be an enum type
九月 28, 2020 2:28:35 下午 io.github.yedaxia.apidocs.LogUtils warn
警告: warning!! Cannot find java file , in java file : F:\IntelliJProjects\pri_diary\src\main\java\per\guzx\pri_diary\pojo\ApiResp.java, className : T, we cannot found more information of it, you've better to make it a JavaBean
九月 28, 2020 2:28:35 下午 io.github.yedaxia.apidocs.LogUtils info
信息: info: success to parse controller file : PdDiaryController.java
九月 28, 2020 2:28:35 下午 io.github.yedaxia.apidocs.LogUtils info
信息: info: start to parse controller file : PdFriendController.java
九月 28, 2020 2:28:35 下午 io.github.yedaxia.apidocs.LogUtils info
信息: info: we think T should not be an enum type
九月 28, 2020 2:28:35 下午 io.github.yedaxia.apidocs.LogUtils warn
警告: warning!! Cannot find java file , in java file : F:\IntelliJProjects\pri_diary\src\main\java\per\guzx\pri_diary\pojo\ApiResp.java, className : T, we cannot found more information of it, you've better to make it a JavaBean
九月 28, 2020 2:28:35 下午 io.github.yedaxia.apidocs.LogUtils info
信息: info: we think T should not be an enum type
九月 28, 2020 2:28:35 下午 io.github.yedaxia.apidocs.LogUtils warn
警告: warning!! Cannot find java file , in java file : F:\IntelliJProjects\pri_diary\src\main\java\per\guzx\pri_diary\pojo\ApiResp.java, className : T, we cannot found more information of it, you've better to make it a JavaBean
九月 28, 2020 2:28:35 下午 io.github.yedaxia.apidocs.LogUtils info
信息: info: we think T should not be an enum type
九月 28, 2020 2:28:35 下午 io.github.yedaxia.apidocs.LogUtils warn
警告: warning!! Cannot find java file , in java file : F:\IntelliJProjects\pri_diary\src\main\java\per\guzx\pri_diary\pojo\ApiResp.java, className : T, we cannot found more information of it, you've better to make it a JavaBean
九月 28, 2020 2:28:36 下午 io.github.yedaxia.apidocs.LogUtils info
信息: info: we think T should not be an enum type
九月 28, 2020 2:28:36 下午 io.github.yedaxia.apidocs.LogUtils warn
警告: warning!! Cannot find java file , in java file : F:\IntelliJProjects\pri_diary\src\main\java\per\guzx\pri_diary\pojo\ApiResp.java, className : T, we cannot found more information of it, you've better to make it a JavaBean
九月 28, 2020 2:28:36 下午 io.github.yedaxia.apidocs.LogUtils info
信息: info: success to parse controller file : PdFriendController.java
九月 28, 2020 2:28:36 下午 io.github.yedaxia.apidocs.LogUtils info
信息: info: start to parse controller file : PdMessageController.java
九月 28, 2020 2:28:36 下午 io.github.yedaxia.apidocs.LogUtils info
信息: info: we think T should not be an enum type
九月 28, 2020 2:28:36 下午 io.github.yedaxia.apidocs.LogUtils warn
警告: warning!! Cannot find java file , in java file : F:\IntelliJProjects\pri_diary\src\main\java\per\guzx\pri_diary\pojo\ApiResp.java, className : T, we cannot found more information of it, you've better to make it a JavaBean
九月 28, 2020 2:28:36 下午 io.github.yedaxia.apidocs.LogUtils info
信息: info: we think T should not be an enum type
九月 28, 2020 2:28:36 下午 io.github.yedaxia.apidocs.LogUtils warn
警告: warning!! Cannot find java file , in java file : F:\IntelliJProjects\pri_diary\src\main\java\per\guzx\pri_diary\pojo\ApiResp.java, className : T, we cannot found more information of it, you've better to make it a JavaBean
九月 28, 2020 2:28:36 下午 io.github.yedaxia.apidocs.LogUtils info
信息: info: we think T should not be an enum type
九月 28, 2020 2:28:36 下午 io.github.yedaxia.apidocs.LogUtils warn
警告: warning!! Cannot find java file , in java file : F:\IntelliJProjects\pri_diary\src\main\java\per\guzx\pri_diary\pojo\ApiResp.java, className : T, we cannot found more information of it, you've better to make it a JavaBean
九月 28, 2020 2:28:36 下午 io.github.yedaxia.apidocs.LogUtils info
信息: info: we think T should not be an enum type
九月 28, 2020 2:28:36 下午 io.github.yedaxia.apidocs.LogUtils warn
警告: warning!! Cannot find java file , in java file : F:\IntelliJProjects\pri_diary\src\main\java\per\guzx\pri_diary\pojo\ApiResp.java, className : T, we cannot found more information of it, you've better to make it a JavaBean
九月 28, 2020 2:28:36 下午 io.github.yedaxia.apidocs.LogUtils info
信息: info: we think T should not be an enum type
九月 28, 2020 2:28:36 下午 io.github.yedaxia.apidocs.LogUtils warn
警告: warning!! Cannot find java file , in java file : F:\IntelliJProjects\pri_diary\src\main\java\per\guzx\pri_diary\pojo\ApiResp.java, className : T, we cannot found more information of it, you've better to make it a JavaBean
九月 28, 2020 2:28:36 下午 io.github.yedaxia.apidocs.LogUtils info
信息: info: success to parse controller file : PdMessageController.java
九月 28, 2020 2:28:36 下午 io.github.yedaxia.apidocs.LogUtils info
信息: info: start to parse controller file : PdPraiseController.java
九月 28, 2020 2:28:36 下午 io.github.yedaxia.apidocs.LogUtils info
信息: info: we think T should not be an enum type
九月 28, 2020 2:28:36 下午 io.github.yedaxia.apidocs.LogUtils warn
警告: warning!! Cannot find java file , in java file : F:\IntelliJProjects\pri_diary\src\main\java\per\guzx\pri_diary\pojo\ApiResp.java, className : T, we cannot found more information of it, you've better to make it a JavaBean
九月 28, 2020 2:28:36 下午 io.github.yedaxia.apidocs.LogUtils info
信息: info: we think T should not be an enum type
九月 28, 2020 2:28:36 下午 io.github.yedaxia.apidocs.LogUtils warn
警告: warning!! Cannot find java file , in java file : F:\IntelliJProjects\pri_diary\src\main\java\per\guzx\pri_diary\pojo\ApiResp.java, className : T, we cannot found more information of it, you've better to make it a JavaBean
九月 28, 2020 2:28:36 下午 io.github.yedaxia.apidocs.LogUtils info
信息: info: we think T should not be an enum type
九月 28, 2020 2:28:36 下午 io.github.yedaxia.apidocs.LogUtils warn
警告: warning!! Cannot find java file , in java file : F:\IntelliJProjects\pri_diary\src\main\java\per\guzx\pri_diary\pojo\ApiResp.java, className : T, we cannot found more information of it, you've better to make it a JavaBean
九月 28, 2020 2:28:37 下午 io.github.yedaxia.apidocs.LogUtils info
信息: info: we think T should not be an enum type
九月 28, 2020 2:28:37 下午 io.github.yedaxia.apidocs.LogUtils warn
警告: warning!! Cannot find java file , in java file : F:\IntelliJProjects\pri_diary\src\main\java\per\guzx\pri_diary\pojo\ApiResp.java, className : T, we cannot found more information of it, you've better to make it a JavaBean
九月 28, 2020 2:28:37 下午 io.github.yedaxia.apidocs.LogUtils info
信息: info: we think T should not be an enum type
九月 28, 2020 2:28:37 下午 io.github.yedaxia.apidocs.LogUtils warn
警告: warning!! Cannot find java file , in java file : F:\IntelliJProjects\pri_diary\src\main\java\per\guzx\pri_diary\pojo\ApiResp.java, className : T, we cannot found more information of it, you've better to make it a JavaBean
九月 28, 2020 2:28:37 下午 io.github.yedaxia.apidocs.LogUtils info
信息: info: success to parse controller file : PdPraiseController.java
九月 28, 2020 2:28:37 下午 io.github.yedaxia.apidocs.LogUtils info
信息: info: start to parse controller file : PdUserController.java
九月 28, 2020 2:28:37 下午 io.github.yedaxia.apidocs.LogUtils info
信息: info: we think T should not be an enum type
九月 28, 2020 2:28:37 下午 io.github.yedaxia.apidocs.LogUtils warn
警告: warning!! Cannot find java file , in java file : F:\IntelliJProjects\pri_diary\src\main\java\per\guzx\pri_diary\pojo\ApiResp.java, className : T, we cannot found more information of it, you've better to make it a JavaBean
九月 28, 2020 2:28:37 下午 io.github.yedaxia.apidocs.LogUtils info
信息: info: we think T should not be an enum type
九月 28, 2020 2:28:37 下午 io.github.yedaxia.apidocs.LogUtils warn
警告: warning!! Cannot find java file , in java file : F:\IntelliJProjects\pri_diary\src\main\java\per\guzx\pri_diary\pojo\ApiResp.java, className : T, we cannot found more information of it, you've better to make it a JavaBean
九月 28, 2020 2:28:38 下午 io.github.yedaxia.apidocs.LogUtils info
信息: info: we think T should not be an enum type
九月 28, 2020 2:28:38 下午 io.github.yedaxia.apidocs.LogUtils warn
警告: warning!! Cannot find java file , in java file : F:\IntelliJProjects\pri_diary\src\main\java\per\guzx\pri_diary\pojo\ApiResp.java, className : T, we cannot found more information of it, you've better to make it a JavaBean
九月 28, 2020 2:28:38 下午 io.github.yedaxia.apidocs.LogUtils info
信息: info: we think T should not be an enum type
九月 28, 2020 2:28:38 下午 io.github.yedaxia.apidocs.LogUtils warn
警告: warning!! Cannot find java file , in java file : F:\IntelliJProjects\pri_diary\src\main\java\per\guzx\pri_diary\pojo\ApiResp.java, className : T, we cannot found more information of it, you've better to make it a JavaBean
九月 28, 2020 2:28:38 下午 io.github.yedaxia.apidocs.LogUtils info
信息: info: we think T should not be an enum type
九月 28, 2020 2:28:38 下午 io.github.yedaxia.apidocs.LogUtils warn
警告: warning!! Cannot find java file , in java file : F:\IntelliJProjects\pri_diary\src\main\java\per\guzx\pri_diary\pojo\ApiResp.java, className : T, we cannot found more information of it, you've better to make it a JavaBean
九月 28, 2020 2:28:41 下午 io.github.yedaxia.apidocs.LogUtils warn
警告: warning!! Cannot find java file , in java file : F:\IntelliJProjects\pri_diary\src\main\java\per\guzx\pri_diary\pojo\PageInfo.java, className : T, we cannot found more information of it, you've better to make it a JavaBean
九月 28, 2020 2:28:41 下午 io.github.yedaxia.apidocs.LogUtils info
信息: info: we think T should not be an enum type
九月 28, 2020 2:28:41 下午 io.github.yedaxia.apidocs.LogUtils warn
警告: warning!! Cannot find java file , in java file : F:\IntelliJProjects\pri_diary\src\main\java\per\guzx\pri_diary\pojo\ApiResp.java, className : T, we cannot found more information of it, you've better to make it a JavaBean
九月 28, 2020 2:28:41 下午 io.github.yedaxia.apidocs.LogUtils info
信息: info: success to parse controller file : PdUserController.java
九月 28, 2020 2:28:41 下午 io.github.yedaxia.apidocs.LogUtils info
信息: info: generate api docs start...
九月 28, 2020 2:28:41 下午 io.github.yedaxia.apidocs.LogUtils info
信息: info: start to generate docs for controller file : F:\IntelliJProjects\pri_diary\src\main\java\per\guzx\pri_diary\controller\DemoController.java
九月 28, 2020 2:28:42 下午 io.github.yedaxia.apidocs.LogUtils info
信息: info: success to generate docs for controller file : F:\IntelliJProjects\pri_diary\src\main\java\per\guzx\pri_diary\controller\DemoController.java
九月 28, 2020 2:28:42 下午 io.github.yedaxia.apidocs.LogUtils info
信息: info: start to generate docs for controller file : F:\IntelliJProjects\pri_diary\src\main\java\per\guzx\pri_diary\controller\PdBlogController.java
九月 28, 2020 2:28:42 下午 io.github.yedaxia.apidocs.LogUtils info
信息: info: success to generate docs for controller file : F:\IntelliJProjects\pri_diary\src\main\java\per\guzx\pri_diary\controller\PdBlogController.java
九月 28, 2020 2:28:42 下午 io.github.yedaxia.apidocs.LogUtils info
信息: info: start to generate docs for controller file : F:\IntelliJProjects\pri_diary\src\main\java\per\guzx\pri_diary\controller\PdCommentController.java
九月 28, 2020 2:28:42 下午 io.github.yedaxia.apidocs.LogUtils info
信息: info: success to generate docs for controller file : F:\IntelliJProjects\pri_diary\src\main\java\per\guzx\pri_diary\controller\PdCommentController.java
九月 28, 2020 2:28:42 下午 io.github.yedaxia.apidocs.LogUtils info
信息: info: start to generate docs for controller file : F:\IntelliJProjects\pri_diary\src\main\java\per\guzx\pri_diary\controller\PdDiaryController.java
九月 28, 2020 2:28:42 下午 io.github.yedaxia.apidocs.LogUtils info
信息: info: success to generate docs for controller file : F:\IntelliJProjects\pri_diary\src\main\java\per\guzx\pri_diary\controller\PdDiaryController.java
九月 28, 2020 2:28:42 下午 io.github.yedaxia.apidocs.LogUtils info
信息: info: start to generate docs for controller file : F:\IntelliJProjects\pri_diary\src\main\java\per\guzx\pri_diary\controller\PdFriendController.java
九月 28, 2020 2:28:42 下午 io.github.yedaxia.apidocs.LogUtils info
信息: info: success to generate docs for controller file : F:\IntelliJProjects\pri_diary\src\main\java\per\guzx\pri_diary\controller\PdFriendController.java
九月 28, 2020 2:28:42 下午 io.github.yedaxia.apidocs.LogUtils info
信息: info: start to generate docs for controller file : F:\IntelliJProjects\pri_diary\src\main\java\per\guzx\pri_diary\controller\PdMessageController.java
九月 28, 2020 2:28:42 下午 io.github.yedaxia.apidocs.LogUtils info
信息: info: success to generate docs for controller file : F:\IntelliJProjects\pri_diary\src\main\java\per\guzx\pri_diary\controller\PdMessageController.java
九月 28, 2020 2:28:42 下午 io.github.yedaxia.apidocs.LogUtils info
信息: info: start to generate docs for controller file : F:\IntelliJProjects\pri_diary\src\main\java\per\guzx\pri_diary\controller\PdPraiseController.java
九月 28, 2020 2:28:42 下午 io.github.yedaxia.apidocs.LogUtils info
信息: info: success to generate docs for controller file : F:\IntelliJProjects\pri_diary\src\main\java\per\guzx\pri_diary\controller\PdPraiseController.java
九月 28, 2020 2:28:42 下午 io.github.yedaxia.apidocs.LogUtils info
信息: info: start to generate docs for controller file : F:\IntelliJProjects\pri_diary\src\main\java\per\guzx\pri_diary\controller\PdUserController.java
九月 28, 2020 2:28:42 下午 io.github.yedaxia.apidocs.LogUtils info
信息: info: success to generate docs for controller file : F:\IntelliJProjects\pri_diary\src\main\java\per\guzx\pri_diary\controller\PdUserController.java
九月 28, 2020 2:28:42 下午 io.github.yedaxia.apidocs.LogUtils info
信息: info: generate index start !!!
九月 28, 2020 2:28:42 下午 io.github.yedaxia.apidocs.LogUtils info
信息: info: generate index done !!!
九月 28, 2020 2:28:42 下午 io.github.yedaxia.apidocs.LogUtils info
信息: info: generate api docs done !!!
