九月 07, 2020 11:59:37 上午 io.github.yedaxia.apidocs.LogUtils info
信息: info: find java src paths:  [F:\IntelliJProjects\pri_diary\src\main\java\]
九月 07, 2020 11:59:37 上午 io.github.yedaxia.apidocs.LogUtils info
信息: info: project type not set, try to figure out...
九月 07, 2020 11:59:37 上午 io.github.yedaxia.apidocs.LogUtils info
信息: info: start find controllers in path : F:\IntelliJProjects\pri_diary\src\main\java\
九月 07, 2020 11:59:39 上午 io.github.yedaxia.apidocs.LogUtils info
信息: info: find controller file : DemoController.java
九月 07, 2020 11:59:39 上午 io.github.yedaxia.apidocs.LogUtils info
信息: info: find controller file : PdBlogController.java
九月 07, 2020 11:59:39 上午 io.github.yedaxia.apidocs.LogUtils info
信息: info: find controller file : PdCommentController.java
九月 07, 2020 11:59:39 上午 io.github.yedaxia.apidocs.LogUtils info
信息: info: find controller file : PdDiaryController.java
九月 07, 2020 11:59:39 上午 io.github.yedaxia.apidocs.LogUtils info
信息: info: find controller file : PdFriendController.java
九月 07, 2020 11:59:39 上午 io.github.yedaxia.apidocs.LogUtils info
信息: info: find controller file : PdMessageController.java
九月 07, 2020 11:59:39 上午 io.github.yedaxia.apidocs.LogUtils info
信息: info: find controller file : PdPraiseController.java
九月 07, 2020 11:59:39 上午 io.github.yedaxia.apidocs.LogUtils info
信息: info: find controller file : PdUserController.java
九月 07, 2020 11:59:39 上午 io.github.yedaxia.apidocs.LogUtils info
信息: info: generate api docs start...
九月 07, 2020 11:59:39 上午 io.github.yedaxia.apidocs.LogUtils info
信息: info: start to parse controller file : DemoController.java
九月 07, 2020 11:59:39 上午 io.github.yedaxia.apidocs.LogUtils info
信息: info: success to parse controller file : DemoController.java
九月 07, 2020 11:59:39 上午 io.github.yedaxia.apidocs.LogUtils info
信息: info: start to parse controller file : PdBlogController.java
